-------------------------------------------------------------------------------
Test set: reservations.ReservationControllerTest
-------------------------------------------------------------------------------
Tests run: 2, Failures: 0, Errors: 2, Skipped: 0, Time elapsed: 1.164 s <<< FAILURE! - in reservations.ReservationControllerTest
getReservationsReturnsReservationsAndView(reservations.ReservationControllerTest)  Time elapsed: 0 s  <<< ERROR!
java.lang.IllegalStateException: Failed to load ApplicationContext
Caused by: org.springframework.beans.factory.UnsatisfiedDependencyException: Error creating bean with name 'reservationTestUtilities': Unsatisfied dependency expressed through field 'passwordEncoder'; nested exception is org.springframework.beans.factory.UnsatisfiedDependencyException: Error creating bean with name 'securityConfiguration': Unsatisfied dependency expressed through field 'userDetailsService'; nested exception is org.springframework.beans.factory.BeanCreationException: Error creating bean with name 'inMemoryUserDetailsManager' defined in class path resource [org/springframework/boot/autoconfigure/security/servlet/UserDetailsServiceAutoConfiguration.class]: Bean instantiation via factory method failed; nested exception is org.springframework.beans.BeanInstantiationException: Failed to instantiate [org.springframework.security.provisioning.InMemoryUserDetailsManager]: Factory method 'inMemoryUserDetailsManager' threw exception; nested exception is org.springframework.beans.factory.BeanCurrentlyInCreationException: Error creating bean with name 'passwordEncoder': Requested bean is currently in creation: Is there an unresolvable circular reference?
Caused by: org.springframework.beans.factory.UnsatisfiedDependencyException: Error creating bean with name 'securityConfiguration': Unsatisfied dependency expressed through field 'userDetailsService'; nested exception is org.springframework.beans.factory.BeanCreationException: Error creating bean with name 'inMemoryUserDetailsManager' defined in class path resource [org/springframework/boot/autoconfigure/security/servlet/UserDetailsServiceAutoConfiguration.class]: Bean instantiation via factory method failed; nested exception is org.springframework.beans.BeanInstantiationException: Failed to instantiate [org.springframework.security.provisioning.InMemoryUserDetailsManager]: Factory method 'inMemoryUserDetailsManager' threw exception; nested exception is org.springframework.beans.factory.BeanCurrentlyInCreationException: Error creating bean with name 'passwordEncoder': Requested bean is currently in creation: Is there an unresolvable circular reference?
Caused by: org.springframework.beans.factory.BeanCreationException: Error creating bean with name 'inMemoryUserDetailsManager' defined in class path resource [org/springframework/boot/autoconfigure/security/servlet/UserDetailsServiceAutoConfiguration.class]: Bean instantiation via factory method failed; nested exception is org.springframework.beans.BeanInstantiationException: Failed to instantiate [org.springframework.security.provisioning.InMemoryUserDetailsManager]: Factory method 'inMemoryUserDetailsManager' threw exception; nested exception is org.springframework.beans.factory.BeanCurrentlyInCreationException: Error creating bean with name 'passwordEncoder': Requested bean is currently in creation: Is there an unresolvable circular reference?
Caused by: org.springframework.beans.BeanInstantiationException: Failed to instantiate [org.springframework.security.provisioning.InMemoryUserDetailsManager]: Factory method 'inMemoryUserDetailsManager' threw exception; nested exception is org.springframework.beans.factory.BeanCurrentlyInCreationException: Error creating bean with name 'passwordEncoder': Requested bean is currently in creation: Is there an unresolvable circular reference?
Caused by: org.springframework.beans.factory.BeanCurrentlyInCreationException: Error creating bean with name 'passwordEncoder': Requested bean is currently in creation: Is there an unresolvable circular reference?

getReservationsReturnsListWithReservationsInDatabase(reservations.ReservationControllerTest)  Time elapsed: 0 s  <<< ERROR!
java.lang.IllegalStateException: Failed to load ApplicationContext
Caused by: org.springframework.beans.factory.UnsatisfiedDependencyException: Error creating bean with name 'reservationTestUtilities': Unsatisfied dependency expressed through field 'passwordEncoder'; nested exception is org.springframework.beans.factory.UnsatisfiedDependencyException: Error creating bean with name 'securityConfiguration': Unsatisfied dependency expressed through field 'userDetailsService'; nested exception is org.springframework.beans.factory.BeanCreationException: Error creating bean with name 'inMemoryUserDetailsManager' defined in class path resource [org/springframework/boot/autoconfigure/security/servlet/UserDetailsServiceAutoConfiguration.class]: Bean instantiation via factory method failed; nested exception is org.springframework.beans.BeanInstantiationException: Failed to instantiate [org.springframework.security.provisioning.InMemoryUserDetailsManager]: Factory method 'inMemoryUserDetailsManager' threw exception; nested exception is org.springframework.beans.factory.BeanCurrentlyInCreationException: Error creating bean with name 'passwordEncoder': Requested bean is currently in creation: Is there an unresolvable circular reference?
Caused by: org.springframework.beans.factory.UnsatisfiedDependencyException: Error creating bean with name 'securityConfiguration': Unsatisfied dependency expressed through field 'userDetailsService'; nested exception is org.springframework.beans.factory.BeanCreationException: Error creating bean with name 'inMemoryUserDetailsManager' defined in class path resource [org/springframework/boot/autoconfigure/security/servlet/UserDetailsServiceAutoConfiguration.class]: Bean instantiation via factory method failed; nested exception is org.springframework.beans.BeanInstantiationException: Failed to instantiate [org.springframework.security.provisioning.InMemoryUserDetailsManager]: Factory method 'inMemoryUserDetailsManager' threw exception; nested exception is org.springframework.beans.factory.BeanCurrentlyInCreationException: Error creating bean with name 'passwordEncoder': Requested bean is currently in creation: Is there an unresolvable circular reference?
Caused by: org.springframework.beans.factory.BeanCreationException: Error creating bean with name 'inMemoryUserDetailsManager' defined in class path resource [org/springframework/boot/autoconfigure/security/servlet/UserDetailsServiceAutoConfiguration.class]: Bean instantiation via factory method failed; nested exception is org.springframework.beans.BeanInstantiationException: Failed to instantiate [org.springframework.security.provisioning.InMemoryUserDetailsManager]: Factory method 'inMemoryUserDetailsManager' threw exception; nested exception is org.springframework.beans.factory.BeanCurrentlyInCreationException: Error creating bean with name 'passwordEncoder': Requested bean is currently in creation: Is there an unresolvable circular reference?
Caused by: org.springframework.beans.BeanInstantiationException: Failed to instantiate [org.springframework.security.provisioning.InMemoryUserDetailsManager]: Factory method 'inMemoryUserDetailsManager' threw exception; nested exception is org.springframework.beans.factory.BeanCurrentlyInCreationException: Error creating bean with name 'passwordEncoder': Requested bean is currently in creation: Is there an unresolvable circular reference?
Caused by: org.springframework.beans.factory.BeanCurrentlyInCreationException: Error creating bean with name 'passwordEncoder': Requested bean is currently in creation: Is there an unresolvable circular reference?

