<?xml version="1.0" encoding="UTF-8"?>
<testsuite xmlns:xsi="http://www.w3.org/2001/XMLSchema-instance" xsi:noNamespaceSchemaLocation="https://maven.apache.org/surefire/maven-surefire-plugin/xsd/surefire-test-report.xsd" name="hiddenfields.FieldsTest" time="14.103" tests="8" errors="0" skipped="0" failures="4">
  <properties>
[...]
</properties>
  <testcase name="logoutSuccessful" classname="hiddenfields.FieldsTest" time="2.616">
    <failure type="java.lang.AssertionError">java.lang.AssertionError
	at hiddenfields.FieldsTest.logoutSuccessful(FieldsTest.java:76)
</failure>
    <system-out><![CDATA[19:10:42.777 [main] DEBUG org.springframework.test.context.junit4.SpringJUnit4ClassRunner - SpringJUnit4ClassRunner constructor called with [class hiddenfields.FieldsTest]
19:10:42.785 [main] DEBUG org.springframework.test.context.BootstrapUtils - Instantiating CacheAwareContextLoaderDelegate from class [org.springframework.test.context.cache.DefaultCacheAwareContextLoaderDelegate]
19:10:42.796 [main] DEBUG org.springframework.test.context.BootstrapUtils - Instantiating BootstrapContext using constructor [public org.springframework.test.context.support.DefaultBootstrapContext(java.lang.Class,org.springframework.test.context.CacheAwareContextLoaderDelegate)]
19:10:42.820 [main] DEBUG org.springframework.test.context.BootstrapUtils - Instantiating TestContextBootstrapper for test class [hiddenfields.FieldsTest] from class [org.springframework.boot.test.context.SpringBootTestContextBootstrapper]
19:10:42.834 [main] INFO org.springframework.boot.test.context.SpringBootTestContextBootstrapper - Neither @ContextConfiguration nor @ContextHierarchy found for test class [hiddenfields.FieldsTest], using SpringBootContextLoader
19:10:42.839 [main] DEBUG org.springframework.test.context.support.AbstractContextLoader - Did not detect default resource location for test class [hiddenfields.FieldsTest]: class path resource [hiddenfields/FieldsTest-context.xml] does not exist
19:10:42.839 [main] DEBUG org.springframework.test.context.support.AbstractContextLoader - Did not detect default resource location for test class [hiddenfields.FieldsTest]: class path resource [hiddenfields/FieldsTestContext.groovy] does not exist
19:10:42.839 [main] INFO org.springframework.test.context.support.AbstractContextLoader - Could not detect default resource locations for test class [hiddenfields.FieldsTest]: no resource found for suffixes {-context.xml, Context.groovy}.
19:10:42.840 [main] INFO org.springframework.test.context.support.AnnotationConfigContextLoaderUtils - Could not detect default configuration classes for test class [hiddenfields.FieldsTest]: FieldsTest does not declare any static, non-private, non-final, nested classes annotated with @Configuration.
19:10:42.972 [main] DEBUG org.springframework.context.annotation.ClassPathScanningCandidateComponentProvider - Identified candidate component class: file [C:\Users\Jouni\Documents\NetBeansProjects\mooc-web-palvelinohjelmointi-s19\osa05-Osa05_08.HiddenFields\target\classes\hiddenfields\Application.class]
19:10:42.982 [main] INFO org.springframework.boot.test.context.SpringBootTestContextBootstrapper - Found @SpringBootConfiguration hiddenfields.Application for test class hiddenfields.FieldsTest
19:10:43.084 [main] DEBUG org.springframework.boot.test.context.SpringBootTestContextBootstrapper - @TestExecutionListeners is not present for class [hiddenfields.FieldsTest]: using defaults.
19:10:43.085 [main] INFO org.springframework.boot.test.context.SpringBootTestContextBootstrapper - Loaded default TestExecutionListener class names from location [META-INF/spring.factories]: [org.springframework.boot.test.mock.mockito.MockitoTestExecutionListener, org.springframework.boot.test.mock.mockito.ResetMocksTestExecutionListener, org.springframework.boot.test.autoconfigure.restdocs.RestDocsTestExecutionListener, org.springframework.boot.test.autoconfigure.web.client.MockRestServiceServerResetTestExecutionListener, org.springframework.boot.test.autoconfigure.web.servlet.MockMvcPrintOnlyOnFailureTestExecutionListener, org.springframework.boot.test.autoconfigure.web.servlet.WebDriverTestExecutionListener, org.springframework.test.context.web.ServletTestExecutionListener, org.springframework.test.context.support.DirtiesContextBeforeModesTestExecutionListener, org.springframework.test.context.support.DependencyInjectionTestExecutionListener, org.springframework.test.context.support.DirtiesContextTestExecutionListener, org.springframework.test.context.transaction.TransactionalTestExecutionListener, org.springframework.test.context.jdbc.SqlScriptsTestExecutionListener]
19:10:43.106 [main] INFO org.springframework.boot.test.context.SpringBootTestContextBootstrapper - Using TestExecutionListeners: [org.springframework.test.context.web.ServletTestExecutionListener@740773a3, org.springframework.test.context.support.DirtiesContextBeforeModesTestExecutionListener@37f1104d, org.springframework.boot.test.mock.mockito.MockitoTestExecutionListener@55740540, org.springframework.boot.test.autoconfigure.SpringBootDependencyInjectionTestExecutionListener@60015ef5, org.springframework.test.context.support.DirtiesContextTestExecutionListener@2f54a33d, org.springframework.test.context.transaction.TransactionalTestExecutionListener@1018bde2, org.springframework.test.context.jdbc.SqlScriptsTestExecutionListener@65b3f4a4, org.springframework.boot.test.mock.mockito.ResetMocksTestExecutionListener@f2ff811, org.springframework.boot.test.autoconfigure.restdocs.RestDocsTestExecutionListener@568ff82, org.springframework.boot.test.autoconfigure.web.client.MockRestServiceServerResetTestExecutionListener@50caa560, org.springframework.boot.test.autoconfigure.web.servlet.MockMvcPrintOnlyOnFailureTestExecutionListener@2a266d09, org.springframework.boot.test.autoconfigure.web.servlet.WebDriverTestExecutionListener@5ab9e72c]
19:10:43.113 [main] DEBUG org.springframework.test.annotation.ProfileValueUtils - Retrieved @ProfileValueSourceConfiguration [null] for test class [hiddenfields.FieldsTest]
19:10:43.114 [main] DEBUG org.springframework.test.annotation.ProfileValueUtils - Retrieved ProfileValueSource type [class org.springframework.test.annotation.SystemProfileValueSource] for class [hiddenfields.FieldsTest]
19:10:43.116 [main] DEBUG org.springframework.test.annotation.ProfileValueUtils - Retrieved @ProfileValueSourceConfiguration [null] for test class [hiddenfields.FieldsTest]
19:10:43.116 [main] DEBUG org.springframework.test.annotation.ProfileValueUtils - Retrieved ProfileValueSource type [class org.springframework.test.annotation.SystemProfileValueSource] for class [hiddenfields.FieldsTest]
19:10:43.117 [main] DEBUG org.springframework.test.annotation.ProfileValueUtils - Retrieved @ProfileValueSourceConfiguration [null] for test class [hiddenfields.FieldsTest]
19:10:43.117 [main] DEBUG org.springframework.test.annotation.ProfileValueUtils - Retrieved ProfileValueSource type [class org.springframework.test.annotation.SystemProfileValueSource] for class [hiddenfields.FieldsTest]
19:10:43.119 [main] DEBUG org.springframework.test.annotation.ProfileValueUtils - Retrieved @ProfileValueSourceConfiguration [null] for test class [hiddenfields.FieldsTest]
19:10:43.119 [main] DEBUG org.springframework.test.annotation.ProfileValueUtils - Retrieved ProfileValueSource type [class org.springframework.test.annotation.SystemProfileValueSource] for class [hiddenfields.FieldsTest]
19:10:43.125 [main] DEBUG org.springframework.test.context.support.AbstractDirtiesContextTestExecutionListener - Before test class: context [DefaultTestContext@76f2bbc1 testClass = FieldsTest, testInstance = [null], testMethod = [null], testException = [null], mergedContextConfiguration = [WebMergedContextConfiguration@68e965f5 testClass = FieldsTest, locations = '{}', classes = '{class hiddenfields.Application}', contextInitializerClasses = '[]', activeProfiles = '{test}', propertySourceLocations = '{}', propertySourceProperties = '{org.springframework.boot.test.context.SpringBootTestContextBootstrapper=true, server.port=0}', contextCustomizers = set[org.springframework.boot.test.context.filter.ExcludeFilterContextCustomizer@4450d156, org.springframework.boot.test.json.DuplicateJsonObjectContextCustomizerFactory$DuplicateJsonObjectContextCustomizer@77e4c80f, org.springframework.boot.test.mock.mockito.MockitoContextCustomizer@0, org.springframework.boot.test.web.client.TestRestTemplateContextCustomizer@448ff1a8, org.springframework.boot.test.autoconfigure.properties.PropertyMappingContextCustomizer@0, org.springframework.boot.test.autoconfigure.web.servlet.WebDriverContextCustomizerFactory$Customizer@5d47c63f], resourceBasePath = 'src/main/webapp', contextLoader = 'org.springframework.boot.test.context.SpringBootContextLoader', parent = [null]], attributes = map['org.springframework.test.context.web.ServletTestExecutionListener.activateListener' -> false]], class annotated with @DirtiesContext [false] with mode [null].
19:10:43.126 [main] DEBUG org.springframework.test.annotation.ProfileValueUtils - Retrieved @ProfileValueSourceConfiguration [null] for test class [hiddenfields.FieldsTest]
19:10:43.126 [main] DEBUG org.springframework.test.annotation.ProfileValueUtils - Retrieved ProfileValueSource type [class org.springframework.test.annotation.SystemProfileValueSource] for class [hiddenfields.FieldsTest]
19:10:43.219 [main] DEBUG org.springframework.test.context.support.DependencyInjectionTestExecutionListener - Performing dependency injection for test context [[DefaultTestContext@76f2bbc1 testClass = FieldsTest, testInstance = hiddenfields.FieldsTest@1cf6d1be, testMethod = [null], testException = [null], mergedContextConfiguration = [WebMergedContextConfiguration@68e965f5 testClass = FieldsTest, locations = '{}', classes = '{class hiddenfields.Application}', contextInitializerClasses = '[]', activeProfiles = '{test}', propertySourceLocations = '{}', propertySourceProperties = '{org.springframework.boot.test.context.SpringBootTestContextBootstrapper=true, server.port=0}', contextCustomizers = set[org.springframework.boot.test.context.filter.ExcludeFilterContextCustomizer@4450d156, org.springframework.boot.test.json.DuplicateJsonObjectContextCustomizerFactory$DuplicateJsonObjectContextCustomizer@77e4c80f, org.springframework.boot.test.mock.mockito.MockitoContextCustomizer@0, org.springframework.boot.test.web.client.TestRestTemplateContextCustomizer@448ff1a8, org.springframework.boot.test.autoconfigure.properties.PropertyMappingContextCustomizer@0, org.springframework.boot.test.autoconfigure.web.servlet.WebDriverContextCustomizerFactory$Customizer@5d47c63f], resourceBasePath = 'src/main/webapp', contextLoader = 'org.springframework.boot.test.context.SpringBootContextLoader', parent = [null]], attributes = map['org.springframework.test.context.web.ServletTestExecutionListener.activateListener' -> false]]].
19:10:43.261 [main] DEBUG org.springframework.test.context.support.TestPropertySourceUtils - Adding inlined properties to environment: {spring.jmx.enabled=false, org.springframework.boot.test.context.SpringBootTestContextBootstrapper=true, server.port=0}

  .   ____          _            __ _ _
 /\\ / ___'_ __ _ _(_)_ __  __ _ \ \ \ \
( ( )\___ | '_ | '_| | '_ \/ _` | \ \ \ \
 \\/  ___)| |_)| | | | | || (_| |  ) ) ) )
  '  |____| .__|_| |_|_| |_\__, | / / / /
 =========|_|==============|___/=/_/_/_/
 :: Spring Boot ::        (v2.1.3.RELEASE)

2019-11-27 19:10:43.664  INFO 7048 --- [           main] hiddenfields.FieldsTest                  : Starting FieldsTest on LAPTOP-EKG5AA9M with PID 7048 (started by Jouni in C:\Users\Jouni\Documents\NetBeansProjects\mooc-web-palvelinohjelmointi-s19\osa05-Osa05_08.HiddenFields)
2019-11-27 19:10:43.665  INFO 7048 --- [           main] hiddenfields.FieldsTest                  : The following profiles are active: test
2019-11-27 19:10:44.445  INFO 7048 --- [           main] .s.d.r.c.RepositoryConfigurationDelegate : Bootstrapping Spring Data repositories in DEFAULT mode.
2019-11-27 19:10:44.524  INFO 7048 --- [           main] .s.d.r.c.RepositoryConfigurationDelegate : Finished Spring Data repository scanning in 70ms. Found 1 repository interfaces.
2019-11-27 19:10:45.010  INFO 7048 --- [           main] trationDelegate$BeanPostProcessorChecker : Bean 'org.springframework.transaction.annotation.ProxyTransactionManagementConfiguration' of type [org.springframework.transaction.annotation.ProxyTransactionManagementConfiguration$$EnhancerBySpringCGLIB$$60c2c574] is not eligible for getting processed by all BeanPostProcessors (for example: not eligible for auto-proxying)
2019-11-27 19:10:45.757  INFO 7048 --- [           main] o.s.b.w.embedded.tomcat.TomcatWebServer  : Tomcat initialized with port(s): 0 (http)
2019-11-27 19:10:45.782  INFO 7048 --- [           main] o.apache.catalina.core.StandardService   : Starting service [Tomcat]
2019-11-27 19:10:45.782  INFO 7048 --- [           main] org.apache.catalina.core.StandardEngine  : Starting Servlet engine: [Apache Tomcat/9.0.16]
2019-11-27 19:10:45.791  INFO 7048 --- [           main] o.a.catalina.core.AprLifecycleListener   : The APR based Apache Tomcat Native library which allows optimal performance in production environments was not found on the java.library.path: [C:\Program Files\Java\jdk1.8.0_211\jre\bin;C:\WINDOWS\Sun\Java\bin;C:\WINDOWS\system32;C:\WINDOWS;C:\ProgramData\DockerDesktop\version-bin;C:\Program Files\Docker\Docker\Resources\bin;C:\Program Files (x86)\Common Files\Oracle\Java\javapath;C:\Program Files (x86)\Intel\Intel(R) Management Engine Components\iCLS\;C:\Program Files\Intel\Intel(R) Management Engine Components\iCLS\;C:\Windows\system32;C:\Windows;C:\Windows\System32\Wbem;C:\Windows\System32\WindowsPowerShell\v1.0\;C:\Windows\System32\OpenSSH\;C:\Program Files (x86)\Intel\Intel(R) Management Engine Components\DAL;C:\Program Files\Intel\Intel(R) Management Engine Components\DAL;C:\Program Files (x86)\Intel\Intel(R) Management Engine Components\IPT;C:\Program Files\Intel\Intel(R) Management Engine Components\IPT;C:\Program Files\Intel\WiFi\bin\;C:\Program Files\Common Files\Intel\WirelessCommon\;C:\Program Files\dotnet\;C:\Program Files\Microsoft SQL Server\130\Tools\Binn\;C:\Program Files\Microsoft SQL Server\Client SDK\ODBC\170\Tools\Binn\;C:\Program Files\Java\java-1.8.0-openjdk-1.8.0.201-2.b09.redhat.windows.x86_64\bin;C:\Program Files\Git\cmd;C:\Program Files\Java\jre1.8.0_211\bin;;C:\WINDOWS\system32;C:\WINDOWS;C:\WINDOWS\System32\Wbem;C:\WINDOWS\System32\WindowsPowerShell\v1.0\;C:\WINDOWS\System32\OpenSSH\;C:\Program Files\nodejs\;C:\Program Files\NVIDIA Corporation\NVIDIA NvDLISR;C:\Program Files (x86)\NVIDIA Corporation\PhysX\Common;C:\Users\Jouni\AppData\Local\Microsoft\WindowsApps;C:\Users\Jouni\AppData\Local\Programs\Microsoft VS Code\bin;C:\Users\Jouni\AppData\Roaming\npm;C:\Program Files\JetBrains\IntelliJ IDEA Community Edition 2019.2.2\bin;;C:\Users\Jouni\AppData\Local\GitHubDesktop\bin;C:\Program Files\Heroku\bin;.]
2019-11-27 19:10:45.907  INFO 7048 --- [           main] o.a.c.c.C.[Tomcat].[localhost].[/]       : Initializing Spring embedded WebApplicationContext
2019-11-27 19:10:45.907  INFO 7048 --- [           main] o.s.web.context.ContextLoader            : Root WebApplicationContext: initialization completed in 2210 ms
2019-11-27 19:10:46.221  INFO 7048 --- [           main] com.zaxxer.hikari.HikariDataSource       : HikariPool-1 - Starting...
2019-11-27 19:10:46.378  INFO 7048 --- [           main] com.zaxxer.hikari.HikariDataSource       : HikariPool-1 - Start completed.
2019-11-27 19:10:46.459  INFO 7048 --- [           main] o.hibernate.jpa.internal.util.LogHelper  : HHH000204: Processing PersistenceUnitInfo [
	name: default
	...]
2019-11-27 19:10:46.584  INFO 7048 --- [           main] org.hibernate.Version                    : HHH000412: Hibernate Core {5.3.7.Final}
2019-11-27 19:10:46.586  INFO 7048 --- [           main] org.hibernate.cfg.Environment            : HHH000206: hibernate.properties not found
2019-11-27 19:10:46.797  INFO 7048 --- [           main] o.hibernate.annotations.common.Version   : HCANN000001: Hibernate Commons Annotations {5.0.4.Final}
2019-11-27 19:10:46.990  INFO 7048 --- [           main] org.hibernate.dialect.Dialect            : HHH000400: Using dialect: org.hibernate.dialect.H2Dialect
Hibernate: create table message (id bigint not null, content varchar(255), primary key (id))
Hibernate: create sequence hibernate_sequence start with 1 increment by 1
2019-11-27 19:10:47.802  INFO 7048 --- [           main] j.LocalContainerEntityManagerFactoryBean : Initialized JPA EntityManagerFactory for persistence unit 'default'
2019-11-27 19:10:48.852  INFO 7048 --- [           main] o.s.s.concurrent.ThreadPoolTaskExecutor  : Initializing ExecutorService 'applicationTaskExecutor'
2019-11-27 19:10:48.923  WARN 7048 --- [           main] aWebConfiguration$JpaWebMvcConfiguration : spring.jpa.open-in-view is enabled by default. Therefore, database queries may be performed during view rendering. Explicitly configure spring.jpa.open-in-view to disable this warning
2019-11-27 19:10:49.567  INFO 7048 --- [           main] .s.s.UserDetailsServiceAutoConfiguration : 

Using generated security password: 5726ae56-dc8e-432a-a3c0-2149d7bfa027

2019-11-27 19:10:49.882  INFO 7048 --- [           main] o.s.s.web.DefaultSecurityFilterChain     : Creating filter chain: any request, [org.springframework.security.web.context.request.async.WebAsyncManagerIntegrationFilter@751686aa, org.springframework.security.web.context.SecurityContextPersistenceFilter@3d764641, org.springframework.security.web.header.HeaderWriterFilter@713e7d9a, org.springframework.security.web.csrf.CsrfFilter@42b43a6, org.springframework.security.web.authentication.logout.LogoutFilter@3cad24ae, org.springframework.security.web.authentication.UsernamePasswordAuthenticationFilter@45f1413c, org.springframework.security.web.authentication.ui.DefaultLoginPageGeneratingFilter@839755f, org.springframework.security.web.authentication.ui.DefaultLogoutPageGeneratingFilter@638977e0, org.springframework.security.web.authentication.www.BasicAuthenticationFilter@6bfdaa7a, org.springframework.security.web.savedrequest.RequestCacheAwareFilter@77eb607e, org.springframework.security.web.servletapi.SecurityContextHolderAwareRequestFilter@164dea80, org.springframework.security.web.authentication.AnonymousAuthenticationFilter@2dc3ece8, org.springframework.security.web.session.SessionManagementFilter@846b47, org.springframework.security.web.access.ExceptionTranslationFilter@3a7469ca, org.springframework.security.web.access.intercept.FilterSecurityInterceptor@459d2ee6]
2019-11-27 19:10:50.805  INFO 7048 --- [           main] o.s.b.w.embedded.tomcat.TomcatWebServer  : Tomcat started on port(s): 52989 (http) with context path ''
2019-11-27 19:10:50.807  INFO 7048 --- [           main] hiddenfields.FieldsTest                  : Started FieldsTest in 7.544 seconds (JVM running for 8.551)
Hibernate: call next value for hibernate_sequence
Hibernate: insert into message (content, id) values (?, ?)
2019-11-27 19:10:52.308  INFO 7048 --- [o-auto-1-exec-1] o.a.c.c.C.[Tomcat].[localhost].[/]       : Initializing Spring DispatcherServlet 'dispatcherServlet'
2019-11-27 19:10:52.308  INFO 7048 --- [o-auto-1-exec-1] o.s.web.servlet.DispatcherServlet        : Initializing Servlet 'dispatcherServlet'
2019-11-27 19:10:52.344  INFO 7048 --- [o-auto-1-exec-1] o.s.web.servlet.DispatcherServlet        : Completed initialization in 36 ms
2019-11-27 19:10:52.999  WARN 7048 --- [pool-2-thread-1] c.g.htmlunit.DefaultCssErrorHandler      : CSS error: 'https://maxcdn.bootstrapcdn.com/bootstrap/4.0.0-beta/css/bootstrap.min.css' [6:18977] Error in expression. (Invalid token " ". Was expecting one of: <NUMBER>, "inherit", <IDENT>, <STRING>, <HASH>, <EMS>, <EXS>, <LENGTH_PX>, <LENGTH_CM>, <LENGTH_MM>, <LENGTH_IN>, <LENGTH_PT>, <LENGTH_PC>, <ANGLE_DEG>, <ANGLE_RAD>, <ANGLE_GRAD>, <TIME_MS>, <TIME_S>, <FREQ_HZ>, <FREQ_KHZ>, <RESOLUTION_DPI>, <RESOLUTION_DPCM>, <PERCENTAGE>, <DIMENSION>, <UNICODE_RANGE>, <URI>, <FUNCTION>, "progid:".)
2019-11-27 19:10:53.000  WARN 7048 --- [pool-2-thread-1] c.g.htmlunit.DefaultCssErrorHandler      : CSS error: 'https://maxcdn.bootstrapcdn.com/bootstrap/4.0.0-beta/css/bootstrap.min.css' [6:19149] Error in expression. (Invalid token " ". Was expecting one of: <NUMBER>, "inherit", <IDENT>, <STRING>, <HASH>, <EMS>, <EXS>, <LENGTH_PX>, <LENGTH_CM>, <LENGTH_MM>, <LENGTH_IN>, <LENGTH_PT>, <LENGTH_PC>, <ANGLE_DEG>, <ANGLE_RAD>, <ANGLE_GRAD>, <TIME_MS>, <TIME_S>, <FREQ_HZ>, <FREQ_KHZ>, <RESOLUTION_DPI>, <RESOLUTION_DPCM>, <PERCENTAGE>, <DIMENSION>, <UNICODE_RANGE>, <URI>, <FUNCTION>, "progid:".)
2019-11-27 19:10:53.000  WARN 7048 --- [pool-2-thread-1] c.g.htmlunit.DefaultCssErrorHandler      : CSS error: 'https://maxcdn.bootstrapcdn.com/bootstrap/4.0.0-beta/css/bootstrap.min.css' [6:19186] Error in expression. (Invalid token " ". Was expecting one of: <NUMBER>, "inherit", <IDENT>, <STRING>, <HASH>, <EMS>, <EXS>, <LENGTH_PX>, <LENGTH_CM>, <LENGTH_MM>, <LENGTH_IN>, <LENGTH_PT>, <LENGTH_PC>, <ANGLE_DEG>, <ANGLE_RAD>, <ANGLE_GRAD>, <TIME_MS>, <TIME_S>, <FREQ_HZ>, <FREQ_KHZ>, <RESOLUTION_DPI>, <RESOLUTION_DPCM>, <PERCENTAGE>, <DIMENSION>, <UNICODE_RANGE>, <URI>, <FUNCTION>, "progid:".)
2019-11-27 19:10:53.000  WARN 7048 --- [pool-2-thread-1] c.g.htmlunit.DefaultCssErrorHandler      : CSS error: 'https://maxcdn.bootstrapcdn.com/bootstrap/4.0.0-beta/css/bootstrap.min.css' [6:19255] Error in expression. (Invalid token " ". Was expecting one of: <NUMBER>, "inherit", <IDENT>, <STRING>, <HASH>, <EMS>, <EXS>, <LENGTH_PX>, <LENGTH_CM>, <LENGTH_MM>, <LENGTH_IN>, <LENGTH_PT>, <LENGTH_PC>, <ANGLE_DEG>, <ANGLE_RAD>, <ANGLE_GRAD>, <TIME_MS>, <TIME_S>, <FREQ_HZ>, <FREQ_KHZ>, <RESOLUTION_DPI>, <RESOLUTION_DPCM>, <PERCENTAGE>, <DIMENSION>, <UNICODE_RANGE>, <URI>, <FUNCTION>, "progid:".)
2019-11-27 19:10:53.001  WARN 7048 --- [pool-2-thread-1] c.g.htmlunit.DefaultCssErrorHandler      : CSS error: 'https://maxcdn.bootstrapcdn.com/bootstrap/4.0.0-beta/css/bootstrap.min.css' [6:19292] Error in expression. (Invalid token " ". Was expecting one of: <NUMBER>, "inherit", <IDENT>, <STRING>, <HASH>, <EMS>, <EXS>, <LENGTH_PX>, <LENGTH_CM>, <LENGTH_MM>, <LENGTH_IN>, <LENGTH_PT>, <LENGTH_PC>, <ANGLE_DEG>, <ANGLE_RAD>, <ANGLE_GRAD>, <TIME_MS>, <TIME_S>, <FREQ_HZ>, <FREQ_KHZ>, <RESOLUTION_DPI>, <RESOLUTION_DPCM>, <PERCENTAGE>, <DIMENSION>, <UNICODE_RANGE>, <URI>, <FUNCTION>, "progid:".)
2019-11-27 19:10:53.001  WARN 7048 --- [pool-2-thread-1] c.g.htmlunit.DefaultCssErrorHandler      : CSS error: 'https://maxcdn.bootstrapcdn.com/bootstrap/4.0.0-beta/css/bootstrap.min.css' [6:19364] Error in expression. (Invalid token " ". Was expecting one of: <NUMBER>, "inherit", <IDENT>, <STRING>, <HASH>, <EMS>, <EXS>, <LENGTH_PX>, <LENGTH_CM>, <LENGTH_MM>, <LENGTH_IN>, <LENGTH_PT>, <LENGTH_PC>, <ANGLE_DEG>, <ANGLE_RAD>, <ANGLE_GRAD>, <TIME_MS>, <TIME_S>, <FREQ_HZ>, <FREQ_KHZ>, <RESOLUTION_DPI>, <RESOLUTION_DPCM>, <PERCENTAGE>, <DIMENSION>, <UNICODE_RANGE>, <URI>, <FUNCTION>, "progid:".)
2019-11-27 19:10:53.001  WARN 7048 --- [pool-2-thread-1] c.g.htmlunit.DefaultCssErrorHandler      : CSS error: 'https://maxcdn.bootstrapcdn.com/bootstrap/4.0.0-beta/css/bootstrap.min.css' [6:19402] Error in expression. (Invalid token " ". Was expecting one of: <NUMBER>, "inherit", <IDENT>, <STRING>, <HASH>, <EMS>, <EXS>, <LENGTH_PX>, <LENGTH_CM>, <LENGTH_MM>, <LENGTH_IN>, <LENGTH_PT>, <LENGTH_PC>, <ANGLE_DEG>, <ANGLE_RAD>, <ANGLE_GRAD>, <TIME_MS>, <TIME_S>, <FREQ_HZ>, <FREQ_KHZ>, <RESOLUTION_DPI>, <RESOLUTION_DPCM>, <PERCENTAGE>, <DIMENSION>, <UNICODE_RANGE>, <URI>, <FUNCTION>, "progid:".)
2019-11-27 19:10:53.003  WARN 7048 --- [pool-2-thread-1] c.g.htmlunit.DefaultCssErrorHandler      : CSS error: 'https://maxcdn.bootstrapcdn.com/bootstrap/4.0.0-beta/css/bootstrap.min.css' [6:20586] Error in expression. (Invalid token " ". Was expecting one of: <NUMBER>, "inherit", <IDENT>, <STRING>, <HASH>, <EMS>, <EXS>, <LENGTH_PX>, <LENGTH_CM>, <LENGTH_MM>, <LENGTH_IN>, <LENGTH_PT>, <LENGTH_PC>, <ANGLE_DEG>, <ANGLE_RAD>, <ANGLE_GRAD>, <TIME_MS>, <TIME_S>, <FREQ_HZ>, <FREQ_KHZ>, <RESOLUTION_DPI>, <RESOLUTION_DPCM>, <PERCENTAGE>, <DIMENSION>, <UNICODE_RANGE>, <URI>, <FUNCTION>, "progid:".)
2019-11-27 19:10:53.005  WARN 7048 --- [pool-2-thread-1] c.g.htmlunit.DefaultCssErrorHandler      : CSS error: 'https://maxcdn.bootstrapcdn.com/bootstrap/4.0.0-beta/css/bootstrap.min.css' [6:21064] Error in expression. (Invalid token " ". Was expecting one of: <NUMBER>, "inherit", <IDENT>, <STRING>, <HASH>, <EMS>, <EXS>, <LENGTH_PX>, <LENGTH_CM>, <LENGTH_MM>, <LENGTH_IN>, <LENGTH_PT>, <LENGTH_PC>, <ANGLE_DEG>, <ANGLE_RAD>, <ANGLE_GRAD>, <TIME_MS>, <TIME_S>, <FREQ_HZ>, <FREQ_KHZ>, <RESOLUTION_DPI>, <RESOLUTION_DPCM>, <PERCENTAGE>, <DIMENSION>, <UNICODE_RANGE>, <URI>, <FUNCTION>, "progid:".)
2019-11-27 19:10:53.031  WARN 7048 --- [pool-2-thread-1] c.g.htmlunit.DefaultCssErrorHandler      : CSS error: 'https://maxcdn.bootstrapcdn.com/bootstrap/4.0.0-beta/css/bootstrap.min.css' [6:46428] Error in expression. (Invalid token " ". Was expecting one of: <NUMBER>, "inherit", <IDENT>, <STRING>, <HASH>, <EMS>, <EXS>, <LENGTH_PX>, <LENGTH_CM>, <LENGTH_MM>, <LENGTH_IN>, <LENGTH_PT>, <LENGTH_PC>, <ANGLE_DEG>, <ANGLE_RAD>, <ANGLE_GRAD>, <TIME_MS>, <TIME_S>, <FREQ_HZ>, <FREQ_KHZ>, <RESOLUTION_DPI>, <RESOLUTION_DPCM>, <PERCENTAGE>, <DIMENSION>, <UNICODE_RANGE>, <URI>, <FUNCTION>, "progid:".)
2019-11-27 19:10:53.032  WARN 7048 --- [pool-2-thread-1] c.g.htmlunit.DefaultCssErrorHandler      : CSS error: 'https://maxcdn.bootstrapcdn.com/bootstrap/4.0.0-beta/css/bootstrap.min.css' [6:47137] Error in expression. (Invalid token " ". Was expecting one of: <NUMBER>, "inherit", <IDENT>, <STRING>, <HASH>, <EMS>, <EXS>, <LENGTH_PX>, <LENGTH_CM>, <LENGTH_MM>, <LENGTH_IN>, <LENGTH_PT>, <LENGTH_PC>, <ANGLE_DEG>, <ANGLE_RAD>, <ANGLE_GRAD>, <TIME_MS>, <TIME_S>, <FREQ_HZ>, <FREQ_KHZ>, <RESOLUTION_DPI>, <RESOLUTION_DPCM>, <PERCENTAGE>, <DIMENSION>, <UNICODE_RANGE>, <URI>, <FUNCTION>, "progid:".)
2019-11-27 19:10:53.041  WARN 7048 --- [pool-2-thread-1] c.g.htmlunit.DefaultCssErrorHandler      : CSS error: 'https://maxcdn.bootstrapcdn.com/bootstrap/4.0.0-beta/css/bootstrap.min.css' [6:57569] Error in expression. (Invalid token " ". Was expecting one of: <NUMBER>, "inherit", <IDENT>, <STRING>, <HASH>, <EMS>, <EXS>, <LENGTH_PX>, <LENGTH_CM>, <LENGTH_MM>, <LENGTH_IN>, <LENGTH_PT>, <LENGTH_PC>, <ANGLE_DEG>, <ANGLE_RAD>, <ANGLE_GRAD>, <TIME_MS>, <TIME_S>, <FREQ_HZ>, <FREQ_KHZ>, <RESOLUTION_DPI>, <RESOLUTION_DPCM>, <PERCENTAGE>, <DIMENSION>, <UNICODE_RANGE>, <URI>, <FUNCTION>, "progid:".)
2019-11-27 19:10:53.042  WARN 7048 --- [pool-2-thread-1] c.g.htmlunit.DefaultCssErrorHandler      : CSS error: 'https://maxcdn.bootstrapcdn.com/bootstrap/4.0.0-beta/css/bootstrap.min.css' [6:57760] Error in expression. (Invalid token " ". Was expecting one of: <NUMBER>, "inherit", <IDENT>, <STRING>, <HASH>, <EMS>, <EXS>, <LENGTH_PX>, <LENGTH_CM>, <LENGTH_MM>, <LENGTH_IN>, <LENGTH_PT>, <LENGTH_PC>, <ANGLE_DEG>, <ANGLE_RAD>, <ANGLE_GRAD>, <TIME_MS>, <TIME_S>, <FREQ_HZ>, <FREQ_KHZ>, <RESOLUTION_DPI>, <RESOLUTION_DPCM>, <PERCENTAGE>, <DIMENSION>, <UNICODE_RANGE>, <URI>, <FUNCTION>, "progid:".)
2019-11-27 19:10:53.043  WARN 7048 --- [pool-2-thread-1] c.g.htmlunit.DefaultCssErrorHandler      : CSS error: 'https://maxcdn.bootstrapcdn.com/bootstrap/4.0.0-beta/css/bootstrap.min.css' [6:58076] Error in expression. (Invalid token " ". Was expecting one of: <NUMBER>, "inherit", <IDENT>, <STRING>, <HASH>, <EMS>, <EXS>, <LENGTH_PX>, <LENGTH_CM>, <LENGTH_MM>, <LENGTH_IN>, <LENGTH_PT>, <LENGTH_PC>, <ANGLE_DEG>, <ANGLE_RAD>, <ANGLE_GRAD>, <TIME_MS>, <TIME_S>, <FREQ_HZ>, <FREQ_KHZ>, <RESOLUTION_DPI>, <RESOLUTION_DPCM>, <PERCENTAGE>, <DIMENSION>, <UNICODE_RANGE>, <URI>, <FUNCTION>, "progid:".)
2019-11-27 19:10:53.043  WARN 7048 --- [pool-2-thread-1] c.g.htmlunit.DefaultCssErrorHandler      : CSS error: 'https://maxcdn.bootstrapcdn.com/bootstrap/4.0.0-beta/css/bootstrap.min.css' [6:58143] Error in expression. (Invalid token " ". Was expecting one of: <NUMBER>, "inherit", <IDENT>, <STRING>, <HASH>, <EMS>, <EXS>, <LENGTH_PX>, <LENGTH_CM>, <LENGTH_MM>, <LENGTH_IN>, <LENGTH_PT>, <LENGTH_PC>, <ANGLE_DEG>, <ANGLE_RAD>, <ANGLE_GRAD>, <TIME_MS>, <TIME_S>, <FREQ_HZ>, <FREQ_KHZ>, <RESOLUTION_DPI>, <RESOLUTION_DPCM>, <PERCENTAGE>, <DIMENSION>, <UNICODE_RANGE>, <URI>, <FUNCTION>, "progid:".)
2019-11-27 19:10:53.043  WARN 7048 --- [pool-2-thread-1] c.g.htmlunit.DefaultCssErrorHandler      : CSS error: 'https://maxcdn.bootstrapcdn.com/bootstrap/4.0.0-beta/css/bootstrap.min.css' [6:58186] Error in expression. (Invalid token " ". Was expecting one of: <NUMBER>, "inherit", <IDENT>, <STRING>, <HASH>, <EMS>, <EXS>, <LENGTH_PX>, <LENGTH_CM>, <LENGTH_MM>, <LENGTH_IN>, <LENGTH_PT>, <LENGTH_PC>, <ANGLE_DEG>, <ANGLE_RAD>, <ANGLE_GRAD>, <TIME_MS>, <TIME_S>, <FREQ_HZ>, <FREQ_KHZ>, <RESOLUTION_DPI>, <RESOLUTION_DPCM>, <PERCENTAGE>, <DIMENSION>, <UNICODE_RANGE>, <URI>, <FUNCTION>, "progid:".)
2019-11-27 19:10:53.043  WARN 7048 --- [pool-2-thread-1] c.g.htmlunit.DefaultCssErrorHandler      : CSS error: 'https://maxcdn.bootstrapcdn.com/bootstrap/4.0.0-beta/css/bootstrap.min.css' [6:58260] Error in expression. (Invalid token " ". Was expecting one of: <NUMBER>, "inherit", <IDENT>, <STRING>, <HASH>, <EMS>, <EXS>, <LENGTH_PX>, <LENGTH_CM>, <LENGTH_MM>, <LENGTH_IN>, <LENGTH_PT>, <LENGTH_PC>, <ANGLE_DEG>, <ANGLE_RAD>, <ANGLE_GRAD>, <TIME_MS>, <TIME_S>, <FREQ_HZ>, <FREQ_KHZ>, <RESOLUTION_DPI>, <RESOLUTION_DPCM>, <PERCENTAGE>, <DIMENSION>, <UNICODE_RANGE>, <URI>, <FUNCTION>, "progid:".)
2019-11-27 19:10:53.044  WARN 7048 --- [pool-2-thread-1] c.g.htmlunit.DefaultCssErrorHandler      : CSS error: 'https://maxcdn.bootstrapcdn.com/bootstrap/4.0.0-beta/css/bootstrap.min.css' [6:58305] Error in expression. (Invalid token " ". Was expecting one of: <NUMBER>, "inherit", <IDENT>, <STRING>, <HASH>, <EMS>, <EXS>, <LENGTH_PX>, <LENGTH_CM>, <LENGTH_MM>, <LENGTH_IN>, <LENGTH_PT>, <LENGTH_PC>, <ANGLE_DEG>, <ANGLE_RAD>, <ANGLE_GRAD>, <TIME_MS>, <TIME_S>, <FREQ_HZ>, <FREQ_KHZ>, <RESOLUTION_DPI>, <RESOLUTION_DPCM>, <PERCENTAGE>, <DIMENSION>, <UNICODE_RANGE>, <URI>, <FUNCTION>, "progid:".)
2019-11-27 19:10:53.064  WARN 7048 --- [pool-2-thread-1] c.g.htmlunit.DefaultCssErrorHandler      : CSS error: 'https://maxcdn.bootstrapcdn.com/bootstrap/4.0.0-beta/css/bootstrap.min.css' [6:78759] Error in expression. (Invalid token " ". Was expecting one of: <NUMBER>, "inherit", <IDENT>, <STRING>, <HASH>, <EMS>, <EXS>, <LENGTH_PX>, <LENGTH_CM>, <LENGTH_MM>, <LENGTH_IN>, <LENGTH_PT>, <LENGTH_PC>, <ANGLE_DEG>, <ANGLE_RAD>, <ANGLE_GRAD>, <TIME_MS>, <TIME_S>, <FREQ_HZ>, <FREQ_KHZ>, <RESOLUTION_DPI>, <RESOLUTION_DPCM>, <PERCENTAGE>, <DIMENSION>, <UNICODE_RANGE>, <URI>, <FUNCTION>, "progid:".)
2019-11-27 19:10:53.064  WARN 7048 --- [pool-2-thread-1] c.g.htmlunit.DefaultCssErrorHandler      : CSS error: 'https://maxcdn.bootstrapcdn.com/bootstrap/4.0.0-beta/css/bootstrap.min.css' [6:78801] Error in expression. (Invalid token " ". Was expecting one of: <NUMBER>, "inherit", <IDENT>, <STRING>, <HASH>, <EMS>, <EXS>, <LENGTH_PX>, <LENGTH_CM>, <LENGTH_MM>, <LENGTH_IN>, <LENGTH_PT>, <LENGTH_PC>, <ANGLE_DEG>, <ANGLE_RAD>, <ANGLE_GRAD>, <TIME_MS>, <TIME_S>, <FREQ_HZ>, <FREQ_KHZ>, <RESOLUTION_DPI>, <RESOLUTION_DPCM>, <PERCENTAGE>, <DIMENSION>, <UNICODE_RANGE>, <URI>, <FUNCTION>, "progid:".)
]]></system-out>
  </testcase>
  <testcase name="postmanSeesForm" classname="hiddenfields.FieldsTest" time="0.469">
    <failure type="java.lang.AssertionError">java.lang.AssertionError
	at hiddenfields.FieldsTest.postmanSeesForm(FieldsTest.java:102)
</failure>
    <system-out><![CDATA[Hibernate: call next value for hibernate_sequence
Hibernate: insert into message (content, id) values (?, ?)
2019-11-27 19:10:53.618  WARN 7048 --- [pool-4-thread-1] c.g.htmlunit.DefaultCssErrorHandler      : CSS error: 'https://maxcdn.bootstrapcdn.com/bootstrap/4.0.0-beta/css/bootstrap.min.css' [6:18977] Error in expression. (Invalid token " ". Was expecting one of: <NUMBER>, "inherit", <IDENT>, <STRING>, <HASH>, <EMS>, <EXS>, <LENGTH_PX>, <LENGTH_CM>, <LENGTH_MM>, <LENGTH_IN>, <LENGTH_PT>, <LENGTH_PC>, <ANGLE_DEG>, <ANGLE_RAD>, <ANGLE_GRAD>, <TIME_MS>, <TIME_S>, <FREQ_HZ>, <FREQ_KHZ>, <RESOLUTION_DPI>, <RESOLUTION_DPCM>, <PERCENTAGE>, <DIMENSION>, <UNICODE_RANGE>, <URI>, <FUNCTION>, "progid:".)
2019-11-27 19:10:53.618  WARN 7048 --- [pool-4-thread-1] c.g.htmlunit.DefaultCssErrorHandler      : CSS error: 'https://maxcdn.bootstrapcdn.com/bootstrap/4.0.0-beta/css/bootstrap.min.css' [6:19149] Error in expression. (Invalid token " ". Was expecting one of: <NUMBER>, "inherit", <IDENT>, <STRING>, <HASH>, <EMS>, <EXS>, <LENGTH_PX>, <LENGTH_CM>, <LENGTH_MM>, <LENGTH_IN>, <LENGTH_PT>, <LENGTH_PC>, <ANGLE_DEG>, <ANGLE_RAD>, <ANGLE_GRAD>, <TIME_MS>, <TIME_S>, <FREQ_HZ>, <FREQ_KHZ>, <RESOLUTION_DPI>, <RESOLUTION_DPCM>, <PERCENTAGE>, <DIMENSION>, <UNICODE_RANGE>, <URI>, <FUNCTION>, "progid:".)
2019-11-27 19:10:53.618  WARN 7048 --- [pool-4-thread-1] c.g.htmlunit.DefaultCssErrorHandler      : CSS error: 'https://maxcdn.bootstrapcdn.com/bootstrap/4.0.0-beta/css/bootstrap.min.css' [6:19186] Error in expression. (Invalid token " ". Was expecting one of: <NUMBER>, "inherit", <IDENT>, <STRING>, <HASH>, <EMS>, <EXS>, <LENGTH_PX>, <LENGTH_CM>, <LENGTH_MM>, <LENGTH_IN>, <LENGTH_PT>, <LENGTH_PC>, <ANGLE_DEG>, <ANGLE_RAD>, <ANGLE_GRAD>, <TIME_MS>, <TIME_S>, <FREQ_HZ>, <FREQ_KHZ>, <RESOLUTION_DPI>, <RESOLUTION_DPCM>, <PERCENTAGE>, <DIMENSION>, <UNICODE_RANGE>, <URI>, <FUNCTION>, "progid:".)
2019-11-27 19:10:53.619  WARN 7048 --- [pool-4-thread-1] c.g.htmlunit.DefaultCssErrorHandler      : CSS error: 'https://maxcdn.bootstrapcdn.com/bootstrap/4.0.0-beta/css/bootstrap.min.css' [6:19255] Error in expression. (Invalid token " ". Was expecting one of: <NUMBER>, "inherit", <IDENT>, <STRING>, <HASH>, <EMS>, <EXS>, <LENGTH_PX>, <LENGTH_CM>, <LENGTH_MM>, <LENGTH_IN>, <LENGTH_PT>, <LENGTH_PC>, <ANGLE_DEG>, <ANGLE_RAD>, <ANGLE_GRAD>, <TIME_MS>, <TIME_S>, <FREQ_HZ>, <FREQ_KHZ>, <RESOLUTION_DPI>, <RESOLUTION_DPCM>, <PERCENTAGE>, <DIMENSION>, <UNICODE_RANGE>, <URI>, <FUNCTION>, "progid:".)
2019-11-27 19:10:53.619  WARN 7048 --- [pool-4-thread-1] c.g.htmlunit.DefaultCssErrorHandler      : CSS error: 'https://maxcdn.bootstrapcdn.com/bootstrap/4.0.0-beta/css/bootstrap.min.css' [6:19292] Error in expression. (Invalid token " ". Was expecting one of: <NUMBER>, "inherit", <IDENT>, <STRING>, <HASH>, <EMS>, <EXS>, <LENGTH_PX>, <LENGTH_CM>, <LENGTH_MM>, <LENGTH_IN>, <LENGTH_PT>, <LENGTH_PC>, <ANGLE_DEG>, <ANGLE_RAD>, <ANGLE_GRAD>, <TIME_MS>, <TIME_S>, <FREQ_HZ>, <FREQ_KHZ>, <RESOLUTION_DPI>, <RESOLUTION_DPCM>, <PERCENTAGE>, <DIMENSION>, <UNICODE_RANGE>, <URI>, <FUNCTION>, "progid:".)
2019-11-27 19:10:53.619  WARN 7048 --- [pool-4-thread-1] c.g.htmlunit.DefaultCssErrorHandler      : CSS error: 'https://maxcdn.bootstrapcdn.com/bootstrap/4.0.0-beta/css/bootstrap.min.css' [6:19364] Error in expression. (Invalid token " ". Was expecting one of: <NUMBER>, "inherit", <IDENT>, <STRING>, <HASH>, <EMS>, <EXS>, <LENGTH_PX>, <LENGTH_CM>, <LENGTH_MM>, <LENGTH_IN>, <LENGTH_PT>, <LENGTH_PC>, <ANGLE_DEG>, <ANGLE_RAD>, <ANGLE_GRAD>, <TIME_MS>, <TIME_S>, <FREQ_HZ>, <FREQ_KHZ>, <RESOLUTION_DPI>, <RESOLUTION_DPCM>, <PERCENTAGE>, <DIMENSION>, <UNICODE_RANGE>, <URI>, <FUNCTION>, "progid:".)
2019-11-27 19:10:53.620  WARN 7048 --- [pool-4-thread-1] c.g.htmlunit.DefaultCssErrorHandler      : CSS error: 'https://maxcdn.bootstrapcdn.com/bootstrap/4.0.0-beta/css/bootstrap.min.css' [6:19402] Error in expression. (Invalid token " ". Was expecting one of: <NUMBER>, "inherit", <IDENT>, <STRING>, <HASH>, <EMS>, <EXS>, <LENGTH_PX>, <LENGTH_CM>, <LENGTH_MM>, <LENGTH_IN>, <LENGTH_PT>, <LENGTH_PC>, <ANGLE_DEG>, <ANGLE_RAD>, <ANGLE_GRAD>, <TIME_MS>, <TIME_S>, <FREQ_HZ>, <FREQ_KHZ>, <RESOLUTION_DPI>, <RESOLUTION_DPCM>, <PERCENTAGE>, <DIMENSION>, <UNICODE_RANGE>, <URI>, <FUNCTION>, "progid:".)
2019-11-27 19:10:53.621  WARN 7048 --- [pool-4-thread-1] c.g.htmlunit.DefaultCssErrorHandler      : CSS error: 'https://maxcdn.bootstrapcdn.com/bootstrap/4.0.0-beta/css/bootstrap.min.css' [6:20586] Error in expression. (Invalid token " ". Was expecting one of: <NUMBER>, "inherit", <IDENT>, <STRING>, <HASH>, <EMS>, <EXS>, <LENGTH_PX>, <LENGTH_CM>, <LENGTH_MM>, <LENGTH_IN>, <LENGTH_PT>, <LENGTH_PC>, <ANGLE_DEG>, <ANGLE_RAD>, <ANGLE_GRAD>, <TIME_MS>, <TIME_S>, <FREQ_HZ>, <FREQ_KHZ>, <RESOLUTION_DPI>, <RESOLUTION_DPCM>, <PERCENTAGE>, <DIMENSION>, <UNICODE_RANGE>, <URI>, <FUNCTION>, "progid:".)
2019-11-27 19:10:53.622  WARN 7048 --- [pool-4-thread-1] c.g.htmlunit.DefaultCssErrorHandler      : CSS error: 'https://maxcdn.bootstrapcdn.com/bootstrap/4.0.0-beta/css/bootstrap.min.css' [6:21064] Error in expression. (Invalid token " ". Was expecting one of: <NUMBER>, "inherit", <IDENT>, <STRING>, <HASH>, <EMS>, <EXS>, <LENGTH_PX>, <LENGTH_CM>, <LENGTH_MM>, <LENGTH_IN>, <LENGTH_PT>, <LENGTH_PC>, <ANGLE_DEG>, <ANGLE_RAD>, <ANGLE_GRAD>, <TIME_MS>, <TIME_S>, <FREQ_HZ>, <FREQ_KHZ>, <RESOLUTION_DPI>, <RESOLUTION_DPCM>, <PERCENTAGE>, <DIMENSION>, <UNICODE_RANGE>, <URI>, <FUNCTION>, "progid:".)
2019-11-27 19:10:53.633  WARN 7048 --- [pool-4-thread-1] c.g.htmlunit.DefaultCssErrorHandler      : CSS error: 'https://maxcdn.bootstrapcdn.com/bootstrap/4.0.0-beta/css/bootstrap.min.css' [6:46428] Error in expression. (Invalid token " ". Was expecting one of: <NUMBER>, "inherit", <IDENT>, <STRING>, <HASH>, <EMS>, <EXS>, <LENGTH_PX>, <LENGTH_CM>, <LENGTH_MM>, <LENGTH_IN>, <LENGTH_PT>, <LENGTH_PC>, <ANGLE_DEG>, <ANGLE_RAD>, <ANGLE_GRAD>, <TIME_MS>, <TIME_S>, <FREQ_HZ>, <FREQ_KHZ>, <RESOLUTION_DPI>, <RESOLUTION_DPCM>, <PERCENTAGE>, <DIMENSION>, <UNICODE_RANGE>, <URI>, <FUNCTION>, "progid:".)
2019-11-27 19:10:53.634  WARN 7048 --- [pool-4-thread-1] c.g.htmlunit.DefaultCssErrorHandler      : CSS error: 'https://maxcdn.bootstrapcdn.com/bootstrap/4.0.0-beta/css/bootstrap.min.css' [6:47137] Error in expression. (Invalid token " ". Was expecting one of: <NUMBER>, "inherit", <IDENT>, <STRING>, <HASH>, <EMS>, <EXS>, <LENGTH_PX>, <LENGTH_CM>, <LENGTH_MM>, <LENGTH_IN>, <LENGTH_PT>, <LENGTH_PC>, <ANGLE_DEG>, <ANGLE_RAD>, <ANGLE_GRAD>, <TIME_MS>, <TIME_S>, <FREQ_HZ>, <FREQ_KHZ>, <RESOLUTION_DPI>, <RESOLUTION_DPCM>, <PERCENTAGE>, <DIMENSION>, <UNICODE_RANGE>, <URI>, <FUNCTION>, "progid:".)
2019-11-27 19:10:53.642  WARN 7048 --- [pool-4-thread-1] c.g.htmlunit.DefaultCssErrorHandler      : CSS error: 'https://maxcdn.bootstrapcdn.com/bootstrap/4.0.0-beta/css/bootstrap.min.css' [6:57569] Error in expression. (Invalid token " ". Was expecting one of: <NUMBER>, "inherit", <IDENT>, <STRING>, <HASH>, <EMS>, <EXS>, <LENGTH_PX>, <LENGTH_CM>, <LENGTH_MM>, <LENGTH_IN>, <LENGTH_PT>, <LENGTH_PC>, <ANGLE_DEG>, <ANGLE_RAD>, <ANGLE_GRAD>, <TIME_MS>, <TIME_S>, <FREQ_HZ>, <FREQ_KHZ>, <RESOLUTION_DPI>, <RESOLUTION_DPCM>, <PERCENTAGE>, <DIMENSION>, <UNICODE_RANGE>, <URI>, <FUNCTION>, "progid:".)
2019-11-27 19:10:53.642  WARN 7048 --- [pool-4-thread-1] c.g.htmlunit.DefaultCssErrorHandler      : CSS error: 'https://maxcdn.bootstrapcdn.com/bootstrap/4.0.0-beta/css/bootstrap.min.css' [6:57760] Error in expression. (Invalid token " ". Was expecting one of: <NUMBER>, "inherit", <IDENT>, <STRING>, <HASH>, <EMS>, <EXS>, <LENGTH_PX>, <LENGTH_CM>, <LENGTH_MM>, <LENGTH_IN>, <LENGTH_PT>, <LENGTH_PC>, <ANGLE_DEG>, <ANGLE_RAD>, <ANGLE_GRAD>, <TIME_MS>, <TIME_S>, <FREQ_HZ>, <FREQ_KHZ>, <RESOLUTION_DPI>, <RESOLUTION_DPCM>, <PERCENTAGE>, <DIMENSION>, <UNICODE_RANGE>, <URI>, <FUNCTION>, "progid:".)
2019-11-27 19:10:53.643  WARN 7048 --- [pool-4-thread-1] c.g.htmlunit.DefaultCssErrorHandler      : CSS error: 'https://maxcdn.bootstrapcdn.com/bootstrap/4.0.0-beta/css/bootstrap.min.css' [6:58076] Error in expression. (Invalid token " ". Was expecting one of: <NUMBER>, "inherit", <IDENT>, <STRING>, <HASH>, <EMS>, <EXS>, <LENGTH_PX>, <LENGTH_CM>, <LENGTH_MM>, <LENGTH_IN>, <LENGTH_PT>, <LENGTH_PC>, <ANGLE_DEG>, <ANGLE_RAD>, <ANGLE_GRAD>, <TIME_MS>, <TIME_S>, <FREQ_HZ>, <FREQ_KHZ>, <RESOLUTION_DPI>, <RESOLUTION_DPCM>, <PERCENTAGE>, <DIMENSION>, <UNICODE_RANGE>, <URI>, <FUNCTION>, "progid:".)
2019-11-27 19:10:53.643  WARN 7048 --- [pool-4-thread-1] c.g.htmlunit.DefaultCssErrorHandler      : CSS error: 'https://maxcdn.bootstrapcdn.com/bootstrap/4.0.0-beta/css/bootstrap.min.css' [6:58143] Error in expression. (Invalid token " ". Was expecting one of: <NUMBER>, "inherit", <IDENT>, <STRING>, <HASH>, <EMS>, <EXS>, <LENGTH_PX>, <LENGTH_CM>, <LENGTH_MM>, <LENGTH_IN>, <LENGTH_PT>, <LENGTH_PC>, <ANGLE_DEG>, <ANGLE_RAD>, <ANGLE_GRAD>, <TIME_MS>, <TIME_S>, <FREQ_HZ>, <FREQ_KHZ>, <RESOLUTION_DPI>, <RESOLUTION_DPCM>, <PERCENTAGE>, <DIMENSION>, <UNICODE_RANGE>, <URI>, <FUNCTION>, "progid:".)
2019-11-27 19:10:53.644  WARN 7048 --- [pool-4-thread-1] c.g.htmlunit.DefaultCssErrorHandler      : CSS error: 'https://maxcdn.bootstrapcdn.com/bootstrap/4.0.0-beta/css/bootstrap.min.css' [6:58186] Error in expression. (Invalid token " ". Was expecting one of: <NUMBER>, "inherit", <IDENT>, <STRING>, <HASH>, <EMS>, <EXS>, <LENGTH_PX>, <LENGTH_CM>, <LENGTH_MM>, <LENGTH_IN>, <LENGTH_PT>, <LENGTH_PC>, <ANGLE_DEG>, <ANGLE_RAD>, <ANGLE_GRAD>, <TIME_MS>, <TIME_S>, <FREQ_HZ>, <FREQ_KHZ>, <RESOLUTION_DPI>, <RESOLUTION_DPCM>, <PERCENTAGE>, <DIMENSION>, <UNICODE_RANGE>, <URI>, <FUNCTION>, "progid:".)
2019-11-27 19:10:53.644  WARN 7048 --- [pool-4-thread-1] c.g.htmlunit.DefaultCssErrorHandler      : CSS error: 'https://maxcdn.bootstrapcdn.com/bootstrap/4.0.0-beta/css/bootstrap.min.css' [6:58260] Error in expression. (Invalid token " ". Was expecting one of: <NUMBER>, "inherit", <IDENT>, <STRING>, <HASH>, <EMS>, <EXS>, <LENGTH_PX>, <LENGTH_CM>, <LENGTH_MM>, <LENGTH_IN>, <LENGTH_PT>, <LENGTH_PC>, <ANGLE_DEG>, <ANGLE_RAD>, <ANGLE_GRAD>, <TIME_MS>, <TIME_S>, <FREQ_HZ>, <FREQ_KHZ>, <RESOLUTION_DPI>, <RESOLUTION_DPCM>, <PERCENTAGE>, <DIMENSION>, <UNICODE_RANGE>, <URI>, <FUNCTION>, "progid:".)
2019-11-27 19:10:53.644  WARN 7048 --- [pool-4-thread-1] c.g.htmlunit.DefaultCssErrorHandler      : CSS error: 'https://maxcdn.bootstrapcdn.com/bootstrap/4.0.0-beta/css/bootstrap.min.css' [6:58305] Error in expression. (Invalid token " ". Was expecting one of: <NUMBER>, "inherit", <IDENT>, <STRING>, <HASH>, <EMS>, <EXS>, <LENGTH_PX>, <LENGTH_CM>, <LENGTH_MM>, <LENGTH_IN>, <LENGTH_PT>, <LENGTH_PC>, <ANGLE_DEG>, <ANGLE_RAD>, <ANGLE_GRAD>, <TIME_MS>, <TIME_S>, <FREQ_HZ>, <FREQ_KHZ>, <RESOLUTION_DPI>, <RESOLUTION_DPCM>, <PERCENTAGE>, <DIMENSION>, <UNICODE_RANGE>, <URI>, <FUNCTION>, "progid:".)
2019-11-27 19:10:53.653  WARN 7048 --- [pool-4-thread-1] c.g.htmlunit.DefaultCssErrorHandler      : CSS error: 'https://maxcdn.bootstrapcdn.com/bootstrap/4.0.0-beta/css/bootstrap.min.css' [6:78759] Error in expression. (Invalid token " ". Was expecting one of: <NUMBER>, "inherit", <IDENT>, <STRING>, <HASH>, <EMS>, <EXS>, <LENGTH_PX>, <LENGTH_CM>, <LENGTH_MM>, <LENGTH_IN>, <LENGTH_PT>, <LENGTH_PC>, <ANGLE_DEG>, <ANGLE_RAD>, <ANGLE_GRAD>, <TIME_MS>, <TIME_S>, <FREQ_HZ>, <FREQ_KHZ>, <RESOLUTION_DPI>, <RESOLUTION_DPCM>, <PERCENTAGE>, <DIMENSION>, <UNICODE_RANGE>, <URI>, <FUNCTION>, "progid:".)
2019-11-27 19:10:53.654  WARN 7048 --- [pool-4-thread-1] c.g.htmlunit.DefaultCssErrorHandler      : CSS error: 'https://maxcdn.bootstrapcdn.com/bootstrap/4.0.0-beta/css/bootstrap.min.css' [6:78801] Error in expression. (Invalid token " ". Was expecting one of: <NUMBER>, "inherit", <IDENT>, <STRING>, <HASH>, <EMS>, <EXS>, <LENGTH_PX>, <LENGTH_CM>, <LENGTH_MM>, <LENGTH_IN>, <LENGTH_PT>, <LENGTH_PC>, <ANGLE_DEG>, <ANGLE_RAD>, <ANGLE_GRAD>, <TIME_MS>, <TIME_S>, <FREQ_HZ>, <FREQ_KHZ>, <RESOLUTION_DPI>, <RESOLUTION_DPCM>, <PERCENTAGE>, <DIMENSION>, <UNICODE_RANGE>, <URI>, <FUNCTION>, "progid:".)
]]></system-out>
  </testcase>
  <testcase name="postmanCanSubmitForm" classname="hiddenfields.FieldsTest" time="0.504">
    <failure type="java.lang.AssertionError">java.lang.AssertionError
	at hiddenfields.FieldsTest.postmanCanSubmitForm(FieldsTest.java:109)
</failure>
    <system-out><![CDATA[Hibernate: call next value for hibernate_sequence
Hibernate: insert into message (content, id) values (?, ?)
2019-11-27 19:10:54.141  WARN 7048 --- [pool-6-thread-1] c.g.htmlunit.DefaultCssErrorHandler      : CSS error: 'https://maxcdn.bootstrapcdn.com/bootstrap/4.0.0-beta/css/bootstrap.min.css' [6:18977] Error in expression. (Invalid token " ". Was expecting one of: <NUMBER>, "inherit", <IDENT>, <STRING>, <HASH>, <EMS>, <EXS>, <LENGTH_PX>, <LENGTH_CM>, <LENGTH_MM>, <LENGTH_IN>, <LENGTH_PT>, <LENGTH_PC>, <ANGLE_DEG>, <ANGLE_RAD>, <ANGLE_GRAD>, <TIME_MS>, <TIME_S>, <FREQ_HZ>, <FREQ_KHZ>, <RESOLUTION_DPI>, <RESOLUTION_DPCM>, <PERCENTAGE>, <DIMENSION>, <UNICODE_RANGE>, <URI>, <FUNCTION>, "progid:".)
2019-11-27 19:10:54.142  WARN 7048 --- [pool-6-thread-1] c.g.htmlunit.DefaultCssErrorHandler      : CSS error: 'https://maxcdn.bootstrapcdn.com/bootstrap/4.0.0-beta/css/bootstrap.min.css' [6:19149] Error in expression. (Invalid token " ". Was expecting one of: <NUMBER>, "inherit", <IDENT>, <STRING>, <HASH>, <EMS>, <EXS>, <LENGTH_PX>, <LENGTH_CM>, <LENGTH_MM>, <LENGTH_IN>, <LENGTH_PT>, <LENGTH_PC>, <ANGLE_DEG>, <ANGLE_RAD>, <ANGLE_GRAD>, <TIME_MS>, <TIME_S>, <FREQ_HZ>, <FREQ_KHZ>, <RESOLUTION_DPI>, <RESOLUTION_DPCM>, <PERCENTAGE>, <DIMENSION>, <UNICODE_RANGE>, <URI>, <FUNCTION>, "progid:".)
2019-11-27 19:10:54.142  WARN 7048 --- [pool-6-thread-1] c.g.htmlunit.DefaultCssErrorHandler      : CSS error: 'https://maxcdn.bootstrapcdn.com/bootstrap/4.0.0-beta/css/bootstrap.min.css' [6:19186] Error in expression. (Invalid token " ". Was expecting one of: <NUMBER>, "inherit", <IDENT>, <STRING>, <HASH>, <EMS>, <EXS>, <LENGTH_PX>, <LENGTH_CM>, <LENGTH_MM>, <LENGTH_IN>, <LENGTH_PT>, <LENGTH_PC>, <ANGLE_DEG>, <ANGLE_RAD>, <ANGLE_GRAD>, <TIME_MS>, <TIME_S>, <FREQ_HZ>, <FREQ_KHZ>, <RESOLUTION_DPI>, <RESOLUTION_DPCM>, <PERCENTAGE>, <DIMENSION>, <UNICODE_RANGE>, <URI>, <FUNCTION>, "progid:".)
2019-11-27 19:10:54.142  WARN 7048 --- [pool-6-thread-1] c.g.htmlunit.DefaultCssErrorHandler      : CSS error: 'https://maxcdn.bootstrapcdn.com/bootstrap/4.0.0-beta/css/bootstrap.min.css' [6:19255] Error in expression. (Invalid token " ". Was expecting one of: <NUMBER>, "inherit", <IDENT>, <STRING>, <HASH>, <EMS>, <EXS>, <LENGTH_PX>, <LENGTH_CM>, <LENGTH_MM>, <LENGTH_IN>, <LENGTH_PT>, <LENGTH_PC>, <ANGLE_DEG>, <ANGLE_RAD>, <ANGLE_GRAD>, <TIME_MS>, <TIME_S>, <FREQ_HZ>, <FREQ_KHZ>, <RESOLUTION_DPI>, <RESOLUTION_DPCM>, <PERCENTAGE>, <DIMENSION>, <UNICODE_RANGE>, <URI>, <FUNCTION>, "progid:".)
2019-11-27 19:10:54.142  WARN 7048 --- [pool-6-thread-1] c.g.htmlunit.DefaultCssErrorHandler      : CSS error: 'https://maxcdn.bootstrapcdn.com/bootstrap/4.0.0-beta/css/bootstrap.min.css' [6:19292] Error in expression. (Invalid token " ". Was expecting one of: <NUMBER>, "inherit", <IDENT>, <STRING>, <HASH>, <EMS>, <EXS>, <LENGTH_PX>, <LENGTH_CM>, <LENGTH_MM>, <LENGTH_IN>, <LENGTH_PT>, <LENGTH_PC>, <ANGLE_DEG>, <ANGLE_RAD>, <ANGLE_GRAD>, <TIME_MS>, <TIME_S>, <FREQ_HZ>, <FREQ_KHZ>, <RESOLUTION_DPI>, <RESOLUTION_DPCM>, <PERCENTAGE>, <DIMENSION>, <UNICODE_RANGE>, <URI>, <FUNCTION>, "progid:".)
2019-11-27 19:10:54.142  WARN 7048 --- [pool-6-thread-1] c.g.htmlunit.DefaultCssErrorHandler      : CSS error: 'https://maxcdn.bootstrapcdn.com/bootstrap/4.0.0-beta/css/bootstrap.min.css' [6:19364] Error in expression. (Invalid token " ". Was expecting one of: <NUMBER>, "inherit", <IDENT>, <STRING>, <HASH>, <EMS>, <EXS>, <LENGTH_PX>, <LENGTH_CM>, <LENGTH_MM>, <LENGTH_IN>, <LENGTH_PT>, <LENGTH_PC>, <ANGLE_DEG>, <ANGLE_RAD>, <ANGLE_GRAD>, <TIME_MS>, <TIME_S>, <FREQ_HZ>, <FREQ_KHZ>, <RESOLUTION_DPI>, <RESOLUTION_DPCM>, <PERCENTAGE>, <DIMENSION>, <UNICODE_RANGE>, <URI>, <FUNCTION>, "progid:".)
2019-11-27 19:10:54.142  WARN 7048 --- [pool-6-thread-1] c.g.htmlunit.DefaultCssErrorHandler      : CSS error: 'https://maxcdn.bootstrapcdn.com/bootstrap/4.0.0-beta/css/bootstrap.min.css' [6:19402] Error in expression. (Invalid token " ". Was expecting one of: <NUMBER>, "inherit", <IDENT>, <STRING>, <HASH>, <EMS>, <EXS>, <LENGTH_PX>, <LENGTH_CM>, <LENGTH_MM>, <LENGTH_IN>, <LENGTH_PT>, <LENGTH_PC>, <ANGLE_DEG>, <ANGLE_RAD>, <ANGLE_GRAD>, <TIME_MS>, <TIME_S>, <FREQ_HZ>, <FREQ_KHZ>, <RESOLUTION_DPI>, <RESOLUTION_DPCM>, <PERCENTAGE>, <DIMENSION>, <UNICODE_RANGE>, <URI>, <FUNCTION>, "progid:".)
2019-11-27 19:10:54.143  WARN 7048 --- [pool-6-thread-1] c.g.htmlunit.DefaultCssErrorHandler      : CSS error: 'https://maxcdn.bootstrapcdn.com/bootstrap/4.0.0-beta/css/bootstrap.min.css' [6:20586] Error in expression. (Invalid token " ". Was expecting one of: <NUMBER>, "inherit", <IDENT>, <STRING>, <HASH>, <EMS>, <EXS>, <LENGTH_PX>, <LENGTH_CM>, <LENGTH_MM>, <LENGTH_IN>, <LENGTH_PT>, <LENGTH_PC>, <ANGLE_DEG>, <ANGLE_RAD>, <ANGLE_GRAD>, <TIME_MS>, <TIME_S>, <FREQ_HZ>, <FREQ_KHZ>, <RESOLUTION_DPI>, <RESOLUTION_DPCM>, <PERCENTAGE>, <DIMENSION>, <UNICODE_RANGE>, <URI>, <FUNCTION>, "progid:".)
2019-11-27 19:10:54.144  WARN 7048 --- [pool-6-thread-1] c.g.htmlunit.DefaultCssErrorHandler      : CSS error: 'https://maxcdn.bootstrapcdn.com/bootstrap/4.0.0-beta/css/bootstrap.min.css' [6:21064] Error in expression. (Invalid token " ". Was expecting one of: <NUMBER>, "inherit", <IDENT>, <STRING>, <HASH>, <EMS>, <EXS>, <LENGTH_PX>, <LENGTH_CM>, <LENGTH_MM>, <LENGTH_IN>, <LENGTH_PT>, <LENGTH_PC>, <ANGLE_DEG>, <ANGLE_RAD>, <ANGLE_GRAD>, <TIME_MS>, <TIME_S>, <FREQ_HZ>, <FREQ_KHZ>, <RESOLUTION_DPI>, <RESOLUTION_DPCM>, <PERCENTAGE>, <DIMENSION>, <UNICODE_RANGE>, <URI>, <FUNCTION>, "progid:".)
2019-11-27 19:10:54.158  WARN 7048 --- [pool-6-thread-1] c.g.htmlunit.DefaultCssErrorHandler      : CSS error: 'https://maxcdn.bootstrapcdn.com/bootstrap/4.0.0-beta/css/bootstrap.min.css' [6:46428] Error in expression. (Invalid token " ". Was expecting one of: <NUMBER>, "inherit", <IDENT>, <STRING>, <HASH>, <EMS>, <EXS>, <LENGTH_PX>, <LENGTH_CM>, <LENGTH_MM>, <LENGTH_IN>, <LENGTH_PT>, <LENGTH_PC>, <ANGLE_DEG>, <ANGLE_RAD>, <ANGLE_GRAD>, <TIME_MS>, <TIME_S>, <FREQ_HZ>, <FREQ_KHZ>, <RESOLUTION_DPI>, <RESOLUTION_DPCM>, <PERCENTAGE>, <DIMENSION>, <UNICODE_RANGE>, <URI>, <FUNCTION>, "progid:".)
2019-11-27 19:10:54.158  WARN 7048 --- [pool-6-thread-1] c.g.htmlunit.DefaultCssErrorHandler      : CSS error: 'https://maxcdn.bootstrapcdn.com/bootstrap/4.0.0-beta/css/bootstrap.min.css' [6:47137] Error in expression. (Invalid token " ". Was expecting one of: <NUMBER>, "inherit", <IDENT>, <STRING>, <HASH>, <EMS>, <EXS>, <LENGTH_PX>, <LENGTH_CM>, <LENGTH_MM>, <LENGTH_IN>, <LENGTH_PT>, <LENGTH_PC>, <ANGLE_DEG>, <ANGLE_RAD>, <ANGLE_GRAD>, <TIME_MS>, <TIME_S>, <FREQ_HZ>, <FREQ_KHZ>, <RESOLUTION_DPI>, <RESOLUTION_DPCM>, <PERCENTAGE>, <DIMENSION>, <UNICODE_RANGE>, <URI>, <FUNCTION>, "progid:".)
2019-11-27 19:10:54.165  WARN 7048 --- [pool-6-thread-1] c.g.htmlunit.DefaultCssErrorHandler      : CSS error: 'https://maxcdn.bootstrapcdn.com/bootstrap/4.0.0-beta/css/bootstrap.min.css' [6:57569] Error in expression. (Invalid token " ". Was expecting one of: <NUMBER>, "inherit", <IDENT>, <STRING>, <HASH>, <EMS>, <EXS>, <LENGTH_PX>, <LENGTH_CM>, <LENGTH_MM>, <LENGTH_IN>, <LENGTH_PT>, <LENGTH_PC>, <ANGLE_DEG>, <ANGLE_RAD>, <ANGLE_GRAD>, <TIME_MS>, <TIME_S>, <FREQ_HZ>, <FREQ_KHZ>, <RESOLUTION_DPI>, <RESOLUTION_DPCM>, <PERCENTAGE>, <DIMENSION>, <UNICODE_RANGE>, <URI>, <FUNCTION>, "progid:".)
2019-11-27 19:10:54.165  WARN 7048 --- [pool-6-thread-1] c.g.htmlunit.DefaultCssErrorHandler      : CSS error: 'https://maxcdn.bootstrapcdn.com/bootstrap/4.0.0-beta/css/bootstrap.min.css' [6:57760] Error in expression. (Invalid token " ". Was expecting one of: <NUMBER>, "inherit", <IDENT>, <STRING>, <HASH>, <EMS>, <EXS>, <LENGTH_PX>, <LENGTH_CM>, <LENGTH_MM>, <LENGTH_IN>, <LENGTH_PT>, <LENGTH_PC>, <ANGLE_DEG>, <ANGLE_RAD>, <ANGLE_GRAD>, <TIME_MS>, <TIME_S>, <FREQ_HZ>, <FREQ_KHZ>, <RESOLUTION_DPI>, <RESOLUTION_DPCM>, <PERCENTAGE>, <DIMENSION>, <UNICODE_RANGE>, <URI>, <FUNCTION>, "progid:".)
2019-11-27 19:10:54.166  WARN 7048 --- [pool-6-thread-1] c.g.htmlunit.DefaultCssErrorHandler      : CSS error: 'https://maxcdn.bootstrapcdn.com/bootstrap/4.0.0-beta/css/bootstrap.min.css' [6:58076] Error in expression. (Invalid token " ". Was expecting one of: <NUMBER>, "inherit", <IDENT>, <STRING>, <HASH>, <EMS>, <EXS>, <LENGTH_PX>, <LENGTH_CM>, <LENGTH_MM>, <LENGTH_IN>, <LENGTH_PT>, <LENGTH_PC>, <ANGLE_DEG>, <ANGLE_RAD>, <ANGLE_GRAD>, <TIME_MS>, <TIME_S>, <FREQ_HZ>, <FREQ_KHZ>, <RESOLUTION_DPI>, <RESOLUTION_DPCM>, <PERCENTAGE>, <DIMENSION>, <UNICODE_RANGE>, <URI>, <FUNCTION>, "progid:".)
2019-11-27 19:10:54.166  WARN 7048 --- [pool-6-thread-1] c.g.htmlunit.DefaultCssErrorHandler      : CSS error: 'https://maxcdn.bootstrapcdn.com/bootstrap/4.0.0-beta/css/bootstrap.min.css' [6:58143] Error in expression. (Invalid token " ". Was expecting one of: <NUMBER>, "inherit", <IDENT>, <STRING>, <HASH>, <EMS>, <EXS>, <LENGTH_PX>, <LENGTH_CM>, <LENGTH_MM>, <LENGTH_IN>, <LENGTH_PT>, <LENGTH_PC>, <ANGLE_DEG>, <ANGLE_RAD>, <ANGLE_GRAD>, <TIME_MS>, <TIME_S>, <FREQ_HZ>, <FREQ_KHZ>, <RESOLUTION_DPI>, <RESOLUTION_DPCM>, <PERCENTAGE>, <DIMENSION>, <UNICODE_RANGE>, <URI>, <FUNCTION>, "progid:".)
2019-11-27 19:10:54.166  WARN 7048 --- [pool-6-thread-1] c.g.htmlunit.DefaultCssErrorHandler      : CSS error: 'https://maxcdn.bootstrapcdn.com/bootstrap/4.0.0-beta/css/bootstrap.min.css' [6:58186] Error in expression. (Invalid token " ". Was expecting one of: <NUMBER>, "inherit", <IDENT>, <STRING>, <HASH>, <EMS>, <EXS>, <LENGTH_PX>, <LENGTH_CM>, <LENGTH_MM>, <LENGTH_IN>, <LENGTH_PT>, <LENGTH_PC>, <ANGLE_DEG>, <ANGLE_RAD>, <ANGLE_GRAD>, <TIME_MS>, <TIME_S>, <FREQ_HZ>, <FREQ_KHZ>, <RESOLUTION_DPI>, <RESOLUTION_DPCM>, <PERCENTAGE>, <DIMENSION>, <UNICODE_RANGE>, <URI>, <FUNCTION>, "progid:".)
2019-11-27 19:10:54.167  WARN 7048 --- [pool-6-thread-1] c.g.htmlunit.DefaultCssErrorHandler      : CSS error: 'https://maxcdn.bootstrapcdn.com/bootstrap/4.0.0-beta/css/bootstrap.min.css' [6:58260] Error in expression. (Invalid token " ". Was expecting one of: <NUMBER>, "inherit", <IDENT>, <STRING>, <HASH>, <EMS>, <EXS>, <LENGTH_PX>, <LENGTH_CM>, <LENGTH_MM>, <LENGTH_IN>, <LENGTH_PT>, <LENGTH_PC>, <ANGLE_DEG>, <ANGLE_RAD>, <ANGLE_GRAD>, <TIME_MS>, <TIME_S>, <FREQ_HZ>, <FREQ_KHZ>, <RESOLUTION_DPI>, <RESOLUTION_DPCM>, <PERCENTAGE>, <DIMENSION>, <UNICODE_RANGE>, <URI>, <FUNCTION>, "progid:".)
2019-11-27 19:10:54.167  WARN 7048 --- [pool-6-thread-1] c.g.htmlunit.DefaultCssErrorHandler      : CSS error: 'https://maxcdn.bootstrapcdn.com/bootstrap/4.0.0-beta/css/bootstrap.min.css' [6:58305] Error in expression. (Invalid token " ". Was expecting one of: <NUMBER>, "inherit", <IDENT>, <STRING>, <HASH>, <EMS>, <EXS>, <LENGTH_PX>, <LENGTH_CM>, <LENGTH_MM>, <LENGTH_IN>, <LENGTH_PT>, <LENGTH_PC>, <ANGLE_DEG>, <ANGLE_RAD>, <ANGLE_GRAD>, <TIME_MS>, <TIME_S>, <FREQ_HZ>, <FREQ_KHZ>, <RESOLUTION_DPI>, <RESOLUTION_DPCM>, <PERCENTAGE>, <DIMENSION>, <UNICODE_RANGE>, <URI>, <FUNCTION>, "progid:".)
2019-11-27 19:10:54.181  WARN 7048 --- [pool-6-thread-1] c.g.htmlunit.DefaultCssErrorHandler      : CSS error: 'https://maxcdn.bootstrapcdn.com/bootstrap/4.0.0-beta/css/bootstrap.min.css' [6:78759] Error in expression. (Invalid token " ". Was expecting one of: <NUMBER>, "inherit", <IDENT>, <STRING>, <HASH>, <EMS>, <EXS>, <LENGTH_PX>, <LENGTH_CM>, <LENGTH_MM>, <LENGTH_IN>, <LENGTH_PT>, <LENGTH_PC>, <ANGLE_DEG>, <ANGLE_RAD>, <ANGLE_GRAD>, <TIME_MS>, <TIME_S>, <FREQ_HZ>, <FREQ_KHZ>, <RESOLUTION_DPI>, <RESOLUTION_DPCM>, <PERCENTAGE>, <DIMENSION>, <UNICODE_RANGE>, <URI>, <FUNCTION>, "progid:".)
2019-11-27 19:10:54.182  WARN 7048 --- [pool-6-thread-1] c.g.htmlunit.DefaultCssErrorHandler      : CSS error: 'https://maxcdn.bootstrapcdn.com/bootstrap/4.0.0-beta/css/bootstrap.min.css' [6:78801] Error in expression. (Invalid token " ". Was expecting one of: <NUMBER>, "inherit", <IDENT>, <STRING>, <HASH>, <EMS>, <EXS>, <LENGTH_PX>, <LENGTH_CM>, <LENGTH_MM>, <LENGTH_IN>, <LENGTH_PT>, <LENGTH_PC>, <ANGLE_DEG>, <ANGLE_RAD>, <ANGLE_GRAD>, <TIME_MS>, <TIME_S>, <FREQ_HZ>, <FREQ_KHZ>, <RESOLUTION_DPI>, <RESOLUTION_DPCM>, <PERCENTAGE>, <DIMENSION>, <UNICODE_RANGE>, <URI>, <FUNCTION>, "progid:".)
]]></system-out>
  </testcase>
  <testcase name="noAuthOnWrongPassword" classname="hiddenfields.FieldsTest" time="0.472"/>
  <testcase name="userDoesNotSeeForm" classname="hiddenfields.FieldsTest" time="0.348"/>
  <testcase name="shouldSeeLoginPageOnAccessingMessages" classname="hiddenfields.FieldsTest" time="0.292"/>
  <testcase name="authSuccessfulAsUser" classname="hiddenfields.FieldsTest" time="0.864">
    <failure type="java.lang.AssertionError">java.lang.AssertionError
	at hiddenfields.FieldsTest.authSuccessfulAsUser(FieldsTest.java:69)
</failure>
    <system-out><![CDATA[Hibernate: call next value for hibernate_sequence
Hibernate: insert into message (content, id) values (?, ?)
2019-11-27 19:10:56.176  WARN 7048 --- [ool-14-thread-1] c.g.htmlunit.DefaultCssErrorHandler      : CSS error: 'https://maxcdn.bootstrapcdn.com/bootstrap/4.0.0-beta/css/bootstrap.min.css' [6:18977] Error in expression. (Invalid token " ". Was expecting one of: <NUMBER>, "inherit", <IDENT>, <STRING>, <HASH>, <EMS>, <EXS>, <LENGTH_PX>, <LENGTH_CM>, <LENGTH_MM>, <LENGTH_IN>, <LENGTH_PT>, <LENGTH_PC>, <ANGLE_DEG>, <ANGLE_RAD>, <ANGLE_GRAD>, <TIME_MS>, <TIME_S>, <FREQ_HZ>, <FREQ_KHZ>, <RESOLUTION_DPI>, <RESOLUTION_DPCM>, <PERCENTAGE>, <DIMENSION>, <UNICODE_RANGE>, <URI>, <FUNCTION>, "progid:".)
2019-11-27 19:10:56.176  WARN 7048 --- [ool-14-thread-1] c.g.htmlunit.DefaultCssErrorHandler      : CSS error: 'https://maxcdn.bootstrapcdn.com/bootstrap/4.0.0-beta/css/bootstrap.min.css' [6:19149] Error in expression. (Invalid token " ". Was expecting one of: <NUMBER>, "inherit", <IDENT>, <STRING>, <HASH>, <EMS>, <EXS>, <LENGTH_PX>, <LENGTH_CM>, <LENGTH_MM>, <LENGTH_IN>, <LENGTH_PT>, <LENGTH_PC>, <ANGLE_DEG>, <ANGLE_RAD>, <ANGLE_GRAD>, <TIME_MS>, <TIME_S>, <FREQ_HZ>, <FREQ_KHZ>, <RESOLUTION_DPI>, <RESOLUTION_DPCM>, <PERCENTAGE>, <DIMENSION>, <UNICODE_RANGE>, <URI>, <FUNCTION>, "progid:".)
2019-11-27 19:10:56.176  WARN 7048 --- [ool-14-thread-1] c.g.htmlunit.DefaultCssErrorHandler      : CSS error: 'https://maxcdn.bootstrapcdn.com/bootstrap/4.0.0-beta/css/bootstrap.min.css' [6:19186] Error in expression. (Invalid token " ". Was expecting one of: <NUMBER>, "inherit", <IDENT>, <STRING>, <HASH>, <EMS>, <EXS>, <LENGTH_PX>, <LENGTH_CM>, <LENGTH_MM>, <LENGTH_IN>, <LENGTH_PT>, <LENGTH_PC>, <ANGLE_DEG>, <ANGLE_RAD>, <ANGLE_GRAD>, <TIME_MS>, <TIME_S>, <FREQ_HZ>, <FREQ_KHZ>, <RESOLUTION_DPI>, <RESOLUTION_DPCM>, <PERCENTAGE>, <DIMENSION>, <UNICODE_RANGE>, <URI>, <FUNCTION>, "progid:".)
2019-11-27 19:10:56.177  WARN 7048 --- [ool-14-thread-1] c.g.htmlunit.DefaultCssErrorHandler      : CSS error: 'https://maxcdn.bootstrapcdn.com/bootstrap/4.0.0-beta/css/bootstrap.min.css' [6:19255] Error in expression. (Invalid token " ". Was expecting one of: <NUMBER>, "inherit", <IDENT>, <STRING>, <HASH>, <EMS>, <EXS>, <LENGTH_PX>, <LENGTH_CM>, <LENGTH_MM>, <LENGTH_IN>, <LENGTH_PT>, <LENGTH_PC>, <ANGLE_DEG>, <ANGLE_RAD>, <ANGLE_GRAD>, <TIME_MS>, <TIME_S>, <FREQ_HZ>, <FREQ_KHZ>, <RESOLUTION_DPI>, <RESOLUTION_DPCM>, <PERCENTAGE>, <DIMENSION>, <UNICODE_RANGE>, <URI>, <FUNCTION>, "progid:".)
2019-11-27 19:10:56.177  WARN 7048 --- [ool-14-thread-1] c.g.htmlunit.DefaultCssErrorHandler      : CSS error: 'https://maxcdn.bootstrapcdn.com/bootstrap/4.0.0-beta/css/bootstrap.min.css' [6:19292] Error in expression. (Invalid token " ". Was expecting one of: <NUMBER>, "inherit", <IDENT>, <STRING>, <HASH>, <EMS>, <EXS>, <LENGTH_PX>, <LENGTH_CM>, <LENGTH_MM>, <LENGTH_IN>, <LENGTH_PT>, <LENGTH_PC>, <ANGLE_DEG>, <ANGLE_RAD>, <ANGLE_GRAD>, <TIME_MS>, <TIME_S>, <FREQ_HZ>, <FREQ_KHZ>, <RESOLUTION_DPI>, <RESOLUTION_DPCM>, <PERCENTAGE>, <DIMENSION>, <UNICODE_RANGE>, <URI>, <FUNCTION>, "progid:".)
2019-11-27 19:10:56.177  WARN 7048 --- [ool-14-thread-1] c.g.htmlunit.DefaultCssErrorHandler      : CSS error: 'https://maxcdn.bootstrapcdn.com/bootstrap/4.0.0-beta/css/bootstrap.min.css' [6:19364] Error in expression. (Invalid token " ". Was expecting one of: <NUMBER>, "inherit", <IDENT>, <STRING>, <HASH>, <EMS>, <EXS>, <LENGTH_PX>, <LENGTH_CM>, <LENGTH_MM>, <LENGTH_IN>, <LENGTH_PT>, <LENGTH_PC>, <ANGLE_DEG>, <ANGLE_RAD>, <ANGLE_GRAD>, <TIME_MS>, <TIME_S>, <FREQ_HZ>, <FREQ_KHZ>, <RESOLUTION_DPI>, <RESOLUTION_DPCM>, <PERCENTAGE>, <DIMENSION>, <UNICODE_RANGE>, <URI>, <FUNCTION>, "progid:".)
2019-11-27 19:10:56.177  WARN 7048 --- [ool-14-thread-1] c.g.htmlunit.DefaultCssErrorHandler      : CSS error: 'https://maxcdn.bootstrapcdn.com/bootstrap/4.0.0-beta/css/bootstrap.min.css' [6:19402] Error in expression. (Invalid token " ". Was expecting one of: <NUMBER>, "inherit", <IDENT>, <STRING>, <HASH>, <EMS>, <EXS>, <LENGTH_PX>, <LENGTH_CM>, <LENGTH_MM>, <LENGTH_IN>, <LENGTH_PT>, <LENGTH_PC>, <ANGLE_DEG>, <ANGLE_RAD>, <ANGLE_GRAD>, <TIME_MS>, <TIME_S>, <FREQ_HZ>, <FREQ_KHZ>, <RESOLUTION_DPI>, <RESOLUTION_DPCM>, <PERCENTAGE>, <DIMENSION>, <UNICODE_RANGE>, <URI>, <FUNCTION>, "progid:".)
2019-11-27 19:10:56.178  WARN 7048 --- [ool-14-thread-1] c.g.htmlunit.DefaultCssErrorHandler      : CSS error: 'https://maxcdn.bootstrapcdn.com/bootstrap/4.0.0-beta/css/bootstrap.min.css' [6:20586] Error in expression. (Invalid token " ". Was expecting one of: <NUMBER>, "inherit", <IDENT>, <STRING>, <HASH>, <EMS>, <EXS>, <LENGTH_PX>, <LENGTH_CM>, <LENGTH_MM>, <LENGTH_IN>, <LENGTH_PT>, <LENGTH_PC>, <ANGLE_DEG>, <ANGLE_RAD>, <ANGLE_GRAD>, <TIME_MS>, <TIME_S>, <FREQ_HZ>, <FREQ_KHZ>, <RESOLUTION_DPI>, <RESOLUTION_DPCM>, <PERCENTAGE>, <DIMENSION>, <UNICODE_RANGE>, <URI>, <FUNCTION>, "progid:".)
2019-11-27 19:10:56.178  WARN 7048 --- [ool-14-thread-1] c.g.htmlunit.DefaultCssErrorHandler      : CSS error: 'https://maxcdn.bootstrapcdn.com/bootstrap/4.0.0-beta/css/bootstrap.min.css' [6:21064] Error in expression. (Invalid token " ". Was expecting one of: <NUMBER>, "inherit", <IDENT>, <STRING>, <HASH>, <EMS>, <EXS>, <LENGTH_PX>, <LENGTH_CM>, <LENGTH_MM>, <LENGTH_IN>, <LENGTH_PT>, <LENGTH_PC>, <ANGLE_DEG>, <ANGLE_RAD>, <ANGLE_GRAD>, <TIME_MS>, <TIME_S>, <FREQ_HZ>, <FREQ_KHZ>, <RESOLUTION_DPI>, <RESOLUTION_DPCM>, <PERCENTAGE>, <DIMENSION>, <UNICODE_RANGE>, <URI>, <FUNCTION>, "progid:".)
2019-11-27 19:10:56.199  WARN 7048 --- [ool-14-thread-1] c.g.htmlunit.DefaultCssErrorHandler      : CSS error: 'https://maxcdn.bootstrapcdn.com/bootstrap/4.0.0-beta/css/bootstrap.min.css' [6:46428] Error in expression. (Invalid token " ". Was expecting one of: <NUMBER>, "inherit", <IDENT>, <STRING>, <HASH>, <EMS>, <EXS>, <LENGTH_PX>, <LENGTH_CM>, <LENGTH_MM>, <LENGTH_IN>, <LENGTH_PT>, <LENGTH_PC>, <ANGLE_DEG>, <ANGLE_RAD>, <ANGLE_GRAD>, <TIME_MS>, <TIME_S>, <FREQ_HZ>, <FREQ_KHZ>, <RESOLUTION_DPI>, <RESOLUTION_DPCM>, <PERCENTAGE>, <DIMENSION>, <UNICODE_RANGE>, <URI>, <FUNCTION>, "progid:".)
2019-11-27 19:10:56.199  WARN 7048 --- [ool-14-thread-1] c.g.htmlunit.DefaultCssErrorHandler      : CSS error: 'https://maxcdn.bootstrapcdn.com/bootstrap/4.0.0-beta/css/bootstrap.min.css' [6:47137] Error in expression. (Invalid token " ". Was expecting one of: <NUMBER>, "inherit", <IDENT>, <STRING>, <HASH>, <EMS>, <EXS>, <LENGTH_PX>, <LENGTH_CM>, <LENGTH_MM>, <LENGTH_IN>, <LENGTH_PT>, <LENGTH_PC>, <ANGLE_DEG>, <ANGLE_RAD>, <ANGLE_GRAD>, <TIME_MS>, <TIME_S>, <FREQ_HZ>, <FREQ_KHZ>, <RESOLUTION_DPI>, <RESOLUTION_DPCM>, <PERCENTAGE>, <DIMENSION>, <UNICODE_RANGE>, <URI>, <FUNCTION>, "progid:".)
2019-11-27 19:10:56.209  WARN 7048 --- [ool-14-thread-1] c.g.htmlunit.DefaultCssErrorHandler      : CSS error: 'https://maxcdn.bootstrapcdn.com/bootstrap/4.0.0-beta/css/bootstrap.min.css' [6:57569] Error in expression. (Invalid token " ". Was expecting one of: <NUMBER>, "inherit", <IDENT>, <STRING>, <HASH>, <EMS>, <EXS>, <LENGTH_PX>, <LENGTH_CM>, <LENGTH_MM>, <LENGTH_IN>, <LENGTH_PT>, <LENGTH_PC>, <ANGLE_DEG>, <ANGLE_RAD>, <ANGLE_GRAD>, <TIME_MS>, <TIME_S>, <FREQ_HZ>, <FREQ_KHZ>, <RESOLUTION_DPI>, <RESOLUTION_DPCM>, <PERCENTAGE>, <DIMENSION>, <UNICODE_RANGE>, <URI>, <FUNCTION>, "progid:".)
2019-11-27 19:10:56.210  WARN 7048 --- [ool-14-thread-1] c.g.htmlunit.DefaultCssErrorHandler      : CSS error: 'https://maxcdn.bootstrapcdn.com/bootstrap/4.0.0-beta/css/bootstrap.min.css' [6:57760] Error in expression. (Invalid token " ". Was expecting one of: <NUMBER>, "inherit", <IDENT>, <STRING>, <HASH>, <EMS>, <EXS>, <LENGTH_PX>, <LENGTH_CM>, <LENGTH_MM>, <LENGTH_IN>, <LENGTH_PT>, <LENGTH_PC>, <ANGLE_DEG>, <ANGLE_RAD>, <ANGLE_GRAD>, <TIME_MS>, <TIME_S>, <FREQ_HZ>, <FREQ_KHZ>, <RESOLUTION_DPI>, <RESOLUTION_DPCM>, <PERCENTAGE>, <DIMENSION>, <UNICODE_RANGE>, <URI>, <FUNCTION>, "progid:".)
2019-11-27 19:10:56.210  WARN 7048 --- [ool-14-thread-1] c.g.htmlunit.DefaultCssErrorHandler      : CSS error: 'https://maxcdn.bootstrapcdn.com/bootstrap/4.0.0-beta/css/bootstrap.min.css' [6:58076] Error in expression. (Invalid token " ". Was expecting one of: <NUMBER>, "inherit", <IDENT>, <STRING>, <HASH>, <EMS>, <EXS>, <LENGTH_PX>, <LENGTH_CM>, <LENGTH_MM>, <LENGTH_IN>, <LENGTH_PT>, <LENGTH_PC>, <ANGLE_DEG>, <ANGLE_RAD>, <ANGLE_GRAD>, <TIME_MS>, <TIME_S>, <FREQ_HZ>, <FREQ_KHZ>, <RESOLUTION_DPI>, <RESOLUTION_DPCM>, <PERCENTAGE>, <DIMENSION>, <UNICODE_RANGE>, <URI>, <FUNCTION>, "progid:".)
2019-11-27 19:10:56.210  WARN 7048 --- [ool-14-thread-1] c.g.htmlunit.DefaultCssErrorHandler      : CSS error: 'https://maxcdn.bootstrapcdn.com/bootstrap/4.0.0-beta/css/bootstrap.min.css' [6:58143] Error in expression. (Invalid token " ". Was expecting one of: <NUMBER>, "inherit", <IDENT>, <STRING>, <HASH>, <EMS>, <EXS>, <LENGTH_PX>, <LENGTH_CM>, <LENGTH_MM>, <LENGTH_IN>, <LENGTH_PT>, <LENGTH_PC>, <ANGLE_DEG>, <ANGLE_RAD>, <ANGLE_GRAD>, <TIME_MS>, <TIME_S>, <FREQ_HZ>, <FREQ_KHZ>, <RESOLUTION_DPI>, <RESOLUTION_DPCM>, <PERCENTAGE>, <DIMENSION>, <UNICODE_RANGE>, <URI>, <FUNCTION>, "progid:".)
2019-11-27 19:10:56.210  WARN 7048 --- [ool-14-thread-1] c.g.htmlunit.DefaultCssErrorHandler      : CSS error: 'https://maxcdn.bootstrapcdn.com/bootstrap/4.0.0-beta/css/bootstrap.min.css' [6:58186] Error in expression. (Invalid token " ". Was expecting one of: <NUMBER>, "inherit", <IDENT>, <STRING>, <HASH>, <EMS>, <EXS>, <LENGTH_PX>, <LENGTH_CM>, <LENGTH_MM>, <LENGTH_IN>, <LENGTH_PT>, <LENGTH_PC>, <ANGLE_DEG>, <ANGLE_RAD>, <ANGLE_GRAD>, <TIME_MS>, <TIME_S>, <FREQ_HZ>, <FREQ_KHZ>, <RESOLUTION_DPI>, <RESOLUTION_DPCM>, <PERCENTAGE>, <DIMENSION>, <UNICODE_RANGE>, <URI>, <FUNCTION>, "progid:".)
2019-11-27 19:10:56.211  WARN 7048 --- [ool-14-thread-1] c.g.htmlunit.DefaultCssErrorHandler      : CSS error: 'https://maxcdn.bootstrapcdn.com/bootstrap/4.0.0-beta/css/bootstrap.min.css' [6:58260] Error in expression. (Invalid token " ". Was expecting one of: <NUMBER>, "inherit", <IDENT>, <STRING>, <HASH>, <EMS>, <EXS>, <LENGTH_PX>, <LENGTH_CM>, <LENGTH_MM>, <LENGTH_IN>, <LENGTH_PT>, <LENGTH_PC>, <ANGLE_DEG>, <ANGLE_RAD>, <ANGLE_GRAD>, <TIME_MS>, <TIME_S>, <FREQ_HZ>, <FREQ_KHZ>, <RESOLUTION_DPI>, <RESOLUTION_DPCM>, <PERCENTAGE>, <DIMENSION>, <UNICODE_RANGE>, <URI>, <FUNCTION>, "progid:".)
2019-11-27 19:10:56.211  WARN 7048 --- [ool-14-thread-1] c.g.htmlunit.DefaultCssErrorHandler      : CSS error: 'https://maxcdn.bootstrapcdn.com/bootstrap/4.0.0-beta/css/bootstrap.min.css' [6:58305] Error in expression. (Invalid token " ". Was expecting one of: <NUMBER>, "inherit", <IDENT>, <STRING>, <HASH>, <EMS>, <EXS>, <LENGTH_PX>, <LENGTH_CM>, <LENGTH_MM>, <LENGTH_IN>, <LENGTH_PT>, <LENGTH_PC>, <ANGLE_DEG>, <ANGLE_RAD>, <ANGLE_GRAD>, <TIME_MS>, <TIME_S>, <FREQ_HZ>, <FREQ_KHZ>, <RESOLUTION_DPI>, <RESOLUTION_DPCM>, <PERCENTAGE>, <DIMENSION>, <UNICODE_RANGE>, <URI>, <FUNCTION>, "progid:".)
2019-11-27 19:10:56.226  WARN 7048 --- [ool-14-thread-1] c.g.htmlunit.DefaultCssErrorHandler      : CSS error: 'https://maxcdn.bootstrapcdn.com/bootstrap/4.0.0-beta/css/bootstrap.min.css' [6:78759] Error in expression. (Invalid token " ". Was expecting one of: <NUMBER>, "inherit", <IDENT>, <STRING>, <HASH>, <EMS>, <EXS>, <LENGTH_PX>, <LENGTH_CM>, <LENGTH_MM>, <LENGTH_IN>, <LENGTH_PT>, <LENGTH_PC>, <ANGLE_DEG>, <ANGLE_RAD>, <ANGLE_GRAD>, <TIME_MS>, <TIME_S>, <FREQ_HZ>, <FREQ_KHZ>, <RESOLUTION_DPI>, <RESOLUTION_DPCM>, <PERCENTAGE>, <DIMENSION>, <UNICODE_RANGE>, <URI>, <FUNCTION>, "progid:".)
2019-11-27 19:10:56.226  WARN 7048 --- [ool-14-thread-1] c.g.htmlunit.DefaultCssErrorHandler      : CSS error: 'https://maxcdn.bootstrapcdn.com/bootstrap/4.0.0-beta/css/bootstrap.min.css' [6:78801] Error in expression. (Invalid token " ". Was expecting one of: <NUMBER>, "inherit", <IDENT>, <STRING>, <HASH>, <EMS>, <EXS>, <LENGTH_PX>, <LENGTH_CM>, <LENGTH_MM>, <LENGTH_IN>, <LENGTH_PT>, <LENGTH_PC>, <ANGLE_DEG>, <ANGLE_RAD>, <ANGLE_GRAD>, <TIME_MS>, <TIME_S>, <FREQ_HZ>, <FREQ_KHZ>, <RESOLUTION_DPI>, <RESOLUTION_DPCM>, <PERCENTAGE>, <DIMENSION>, <UNICODE_RANGE>, <URI>, <FUNCTION>, "progid:".)
]]></system-out>
  </testcase>
  <testcase name="pageShouldNotBeDirectlyAccessible" classname="hiddenfields.FieldsTest" time="0.282"/>
</testsuite>